Qflow placement logfile created on Sunday 01 October 2023 12:41:10 PM IST
Running blif2cel to generate input files for graywolf
blif2cel.tcl --blif /home/khaja/Desktop/verilog/qflow/64bitalu/synthesis/ALU_64bit.blif  --lef  /usr/share/qflow/tech/osu018/osu018_stdcells.lef --cel /home/khaja/Desktop/verilog/qflow/64bitalu/layout/ALU_64bit.cel 
Opened BLIF file (/home/khaja/Desktop/verilog/qflow/64bitalu/synthesis/ALU_64bit.blif) for reading ...
Opened CEL file (/home/khaja/Desktop/verilog/qflow/64bitalu/layout/ALU_64bit.cel) for writing...
Loaded /usr/share/qflow/tech/osu018/osu018_stdcells.lef file for reading...
1st pass of blif file /home/khaja/Desktop/verilog/qflow/64bitalu/synthesis/ALU_64bit.blif. . .
Reading macros and/or technology data from LEF file. . .
LEF file specifies route layer Y pitch as 1
LEF file specifies route layer X pitch as 0.8
Parsing macro AND2X2
Parsing macro AOI21X1
Parsing macro AOI22X1
Parsing macro BUFX2
Parsing macro BUFX4
Parsing macro DFFPOSX1
Parsing macro INVX1
Parsing macro INVX2
Parsing macro INVX4
Parsing macro INVX8
Parsing macro NAND2X1
Parsing macro NAND3X1
Parsing macro NOR2X1
Parsing macro OAI21X1
Parsing macro OAI22X1
Parsing macro OR2X2
Parsing macro XOR2X1
Parsing macro MUX2X1
Parsing macro XNOR2X1
Parsing macro DFFSR
Parsing macro CLKBUF1
2nd pass of blif file. . .
3rd pass of blif file. . .
Done!
No ALU_64bit.cel1 file found for project. . . no partial blockages to apply to layout.
No ALU_64bit.cel2 file found for project. . . continuing without pin placement hints
Running GrayWolf placement
graywolf  ALU_64bit

twflow version:2.1 date:Mon May 25 21:15:08 EDT 1992
Authors: Bill Swartz, Carl Sechen
         Yale University

syntax version:v1.1 date:Mon May 25 21:11:10 EDT 1992
TimberWolf System Syntax Checker
Authors: Carl Sechen, Kai-Win Lee, Bill Swartz,
         Dahe Chen, and Jimmy Lam
         Yale University

Read   50 objects so far...
Read  100 objects so far...
Read  150 objects so far...
Read  200 objects so far...
Read  250 objects so far...
Read  300 objects so far...
Read  350 objects so far...
Read  400 objects so far...
Read  450 objects so far...
Read  500 objects so far...
Read  550 objects so far...
Read  600 objects so far...
Read  650 objects so far...
Read  700 objects so far...
Read  750 objects so far...
Read  800 objects so far...
Read  850 objects so far...
Read  900 objects so far...
Read  950 objects so far...
Read 1000 objects so far...
Read 1050 objects so far...
Read 1100 objects so far...
Read 1150 objects so far...
Read 1200 objects so far...
Read 1250 objects so far...
Read 1300 objects so far...
Read 1350 objects so far...
Read 1400 objects so far...
Read 1450 objects so far...
Read 1500 objects so far...
Read 1550 objects so far...
Read 1600 objects so far...
Read 1650 objects so far...
Read 1700 objects so far...
Read 1750 objects so far...
Read 1800 objects so far...
Read 1850 objects so far...
Read 1900 objects so far...
Read 1950 objects so far...
Read 2000 objects so far...
Read 2050 objects so far...
Read 2100 objects so far...
Read 2150 objects so far...
Read 2200 objects so far...
Read 2250 objects so far...
Read 2300 objects so far...
Read 2350 objects so far...
Read 2400 objects so far...
Read 2450 objects so far...
Read 2500 objects so far...
Read 2550 objects so far...
Read 2600 objects so far...
Read 2650 objects so far...
Read 2700 objects so far...
Read 2750 objects so far...
Read 2800 objects so far...
Read 2850 objects so far...
Read 2900 objects so far...
Read 2950 objects so far...
Read 3000 objects so far...
Read 3050 objects so far...
Read 3100 objects so far...
Read 3150 objects so far...
Read 3200 objects so far...
Read 3250 objects so far...
Read 3300 objects so far...
Read 3350 objects so far...
Read 3400 objects so far...
Read 3450 objects so far...
Read 3500 objects so far...
Read 3550 objects so far...
Read 3600 objects so far...
Read 3650 objects so far...
Read 3700 objects so far...
Read 3750 objects so far...
Read 3800 objects so far...
Read 3850 objects so far...
Read 3900 objects so far...
Read 3950 objects so far...
Read 4000 objects so far...
No syntax errors were found

syntax terminated normally with no errors and 0 warning[s]


----------------------------
Total stdcells     :3809
Total cell width   :1.14e+06
Total cell height  :3.81e+06
Total cell area    :1.14e+09
Total core area    :1.14e+09
Average cell height:1.00e+03


nocut - replacement for Mincut version:v1.0 date:Mon May 25 21:09:40 EDT 1992
TimberWolf System Floorplan Setup Program
Authors: Carl Sechen, Bill Swartz,
         Yale University

Read   50 objects so far...
Read  100 objects so far...
Read  150 objects so far...
Read  200 objects so far...
Read  250 objects so far...
Read  300 objects so far...
Read  350 objects so far...
Read  400 objects so far...
Read  450 objects so far...
Read  500 objects so far...
Read  550 objects so far...
Read  600 objects so far...
Read  650 objects so far...
Read  700 objects so far...
Read  750 objects so far...
Read  800 objects so far...
Read  850 objects so far...
Read  900 objects so far...
Read  950 objects so far...
Read 1000 objects so far...
Read 1050 objects so far...
Read 1100 objects so far...
Read 1150 objects so far...
Read 1200 objects so far...
Read 1250 objects so far...
Read 1300 objects so far...
Read 1350 objects so far...
Read 1400 objects so far...
Read 1450 objects so far...
Read 1500 objects so far...
Read 1550 objects so far...
Read 1600 objects so far...
Read 1650 objects so far...
Read 1700 objects so far...
Read 1750 objects so far...
Read 1800 objects so far...
Read 1850 objects so far...
Read 1900 objects so far...
Read 1950 objects so far...
Read 2000 objects so far...
Read 2050 objects so far...
Read 2100 objects so far...
Read 2150 objects so far...
Read 2200 objects so far...
Read 2250 objects so far...
Read 2300 objects so far...
Read 2350 objects so far...
Read 2400 objects so far...
Read 2450 objects so far...
Read 2500 objects so far...
Read 2550 objects so far...
Read 2600 objects so far...
Read 2650 objects so far...
Read 2700 objects so far...
Read 2750 objects so far...
Read 2800 objects so far...
Read 2850 objects so far...
Read 2900 objects so far...
Read 2950 objects so far...
Read 3000 objects so far...
Read 3050 objects so far...
Read 3100 objects so far...
Read 3150 objects so far...
Read 3200 objects so far...
Read 3250 objects so far...
Read 3300 objects so far...
Read 3350 objects so far...
Read 3400 objects so far...
Read 3450 objects so far...
Read 3500 objects so far...
Read 3550 objects so far...
Read 3600 objects so far...
Read 3650 objects so far...
Read 3700 objects so far...
Read 3750 objects so far...
Read 3800 objects so far...
Read 3850 objects so far...
Read 3900 objects so far...
Read 3950 objects so far...
Read 4000 objects so far...
Splitting ALU_64bit.cel into ALU_64bit.scel and ALU_64bit.mcel...
	done!


nocut - replacement for Mincut terminated normally with no errors and 0 warning[s]


TimberWolfMC version:v2.2 date:Mon May 25 21:18:34 EDT 1992
Authors: Carl Sechen, Bill Swartz, Kai-Win Lee
         Dahe Chen, and Jimmy Lam
         Yale University

config version:v1.0 date:Mon May 25 20:57:18 EDT 1992
Row configuration program
    Yale University


config switches:
	Graphics mode on
	config will inherit window



config terminated normally with no errors and 0 warning[s]

WARNING[space_pins]:overflow for cell:1 pin:pin138
WARNING[space_pins]:overflow for cell:1 pin:pin139
WARNING[space_pins]:overflow for cell:1 pin:pin140
WARNING[space_pins]:overflow for cell:1 pin:pin141
WARNING[space_pins]:overflow for cell:1 pin:pin142
WARNING[space_pins]:overflow for cell:1 pin:pin143
WARNING[space_pins]:overflow for cell:1 pin:pin144
WARNING[space_pins]:overflow for cell:1 pin:pin145
WARNING[space_pins]:overflow for cell:1 pin:pin146
WARNING[space_pins]:overflow for cell:1 pin:pin147
WARNING[space_pins]:overflow for cell:1 pin:pin148
WARNING[space_pins]:overflow for cell:1 pin:pin149
WARNING[space_pins]:overflow for cell:1 pin:pin150
WARNING[space_pins]:overflow for cell:1 pin:pin151
WARNING[space_pins]:overflow for cell:1 pin:pin152
WARNING[space_pins]:overflow for cell:1 pin:pin153

TimberWolfMC terminated normally with no errors and 16 warning[s]



TimberWolfSC switches:
	Graphics mode on
	TimberWolfSC will inherit window

TimberWolfSC version:v6.0 date:Mon May 25 21:19:07 EDT 1992
Row-Based Placement and Global Routing Program
Authors: Carl Sechen, Kai-Win Lee, and Bill Swartz,
         Yale University
  0 
  1   2   3   4   5   6   7   8   9  10  11  12  13  14  15 
 16  17  18  19  20  21  22  23  24  25  26  27  28  29  30 
 31  32  33  34  35  36  37  38  39  40  41  42  43  44  45 
 46  47  48  49  50  51  52  53  54  55  56  57  58  59  60 
 61  62  63  64  65  66  67  68  69  70  71  72  73  74  75 
 76  77  78  79  80  81  82  83  84  85  86  87  88  89  90 
 91  92  93  94  95  96  97  98  99 100 101 102 103 104 105 
106 107 108 109 110 111 112 113 114 115 116 117 118 119 120 
121 122 123 124 125 126 127 128 129 130 131 132 133 134 135 
136 137 138 139 140 141 142 143 144 145 146 147 148 149 150 
151 152 153 154 155 156 157 158 
 block left edge is at -239
 the longest block length is 38800
 building the steiner trees
 rebuilding the steiner tree

----start doing coarse global routing ------ 
 ITERATION  1
 ITERATION  2
 ITERATION  3
 ITERATION  4
 ITERATION  5

  longest Row is:17   Its length is:36080
 doing feed-through pins assignment
 building the net-tree now !
 set up the global routing grids
 the starting value of tracks =  711
 tracks = 696 at attempts =  1000
 tracks = 687 at attempts =  2000
 tracks = 677 at attempts =  3000
 tracks = 674 at attempts =  4000
 tracks = 668 at attempts =  5000
 tracks = 666 at attempts =  6000
 tracks = 660 at attempts =  7000
 tracks = 656 at attempts =  8000
 tracks = 654 at attempts =  9000
 tracks = 654 at attempts = 10000
 tracks = 653 at attempts = 11000
 tracks = 652 at attempts = 12000
 tracks = 649 at attempts = 13000
 tracks = 648 at attempts = 14000
 tracks = 648 at attempts = 15000
 tracks = 648 at attempts = 16000
 tracks = 648 at attempts = 17000
 tracks = 648 at attempts = 18000
 tracks = 648 at attempts = 19000
 tracks = 648 at attempts = 20000
 tracks = 648 at attempts = 21000
 tracks = 648 at attempts = 22000
 tracks = 648 at attempts = 23000
 tracks = 648 at attempts = 24000
 tracks = 648 at attempts = 25000
 tracks = 647 at attempts = 26000
 tracks = 646 at attempts = 27000
 tracks = 646 at attempts = 28000
 tracks = 646 at attempts = 29000
 tracks = 646 at attempts = 30000
 tracks = 646 at attempts = 31000
 tracks = 646 at attempts = 32000
 tracks = 646 at attempts = 33000
 tracks = 646 at attempts = 34000
 tracks = 645 at attempts = 35000
 tracks = 645 at attempts = 36000
 tracks = 645 at attempts = 37000
 tracks = 645 at attempts = 38000
 tracks = 644 at attempts = 39000
 tracks = 644 at attempts = 40000
 tracks = 644 at attempts = 41000
 tracks = 644 at attempts = 42000
 tracks = 644 at attempts = 43000
 tracks = 644 at attempts = 44000
 tracks = 644 at attempts = 45000
 tracks = 644 at attempts = 46000
 tracks = 644 at attempts = 47000
 tracks = 644 at attempts = 48000
 tracks = 644 at attempts = 49000
 tracks = 644 at attempts = 50000
 tracks = 644 at attempts = 51000
 tracks = 644 at attempts = 52000
 tracks = 644 at attempts = 53000
 tracks = 644 at attempts = 54000
 tracks = 644 at attempts = 55000
 tracks = 644 at attempts = 56000
 tracks = 644 at attempts = 57000
 tracks = 644 at attempts = 58000
 tracks = 644 at attempts = 59000
 tracks = 644 at attempts = 60000
 tracks = 644 at attempts = 61000
 tracks = 644 at attempts = 62000
 tracks = 644 at attempts = 63000
 tracks = 644 at attempts = 64000
 tracks = 644 at attempts = 65000
 tracks = 644 at attempts = 66000
 tracks = 644 at attempts = 67000
 tracks = 644 at attempts = 68000
 tracks = 644 at attempts = 69000
 tracks = 644 at attempts = 70000
 tracks = 644 at attempts = 71000
 tracks = 644 at attempts = 72000
 tracks = 644 at attempts = 73000
 tracks = 644 at attempts = 74000
 tracks = 644 at attempts = 75000
 tracks = 644 at attempts = 76000
 tracks = 643 at attempts = 77000
 tracks = 643 at attempts = 78000
 tracks = 643 at attempts = 79000
 tracks = 643 at attempts = 80000
 tracks = 643 at attempts = 81000
 tracks = 643 at attempts = 82000
 tracks = 643 at attempts = 83000
 tracks = 643 at attempts = 84000
 tracks = 643 at attempts = 85000
 tracks = 643 at attempts = 86000
 tracks = 643 at attempts = 87000
 tracks = 643 at attempts = 88000
 tracks = 643 at attempts = 89000
 tracks = 643 at attempts = 90000
 tracks = 643 at attempts = 91000
 tracks = 643 at attempts = 92000
 tracks = 643 at attempts = 93000
 tracks = 643 at attempts = 94000
 tracks = 643 at attempts = 95000
 tracks = 643 at attempts = 96000
 tracks = 643 at attempts = 97000
 tracks = 643 at attempts = 98000
 removing redundant feed-through pins
 the connectivity of all the nets is verified

 block left edge is at -239
 the longest block length is 38800
 building the steiner trees
 rebuilding the steiner tree

----start doing coarse global routing ------ 
 ITERATION  1
 ITERATION  2
 ITERATION  3
 ITERATION  4
 ITERATION  5

  longest Row is:15   Its length is:35520
 doing feed-through pins assignment
 building the net-tree now !
 set up the global routing grids
 the starting value of tracks =  710
 tracks = 693 at attempts =  1000
 tracks = 676 at attempts =  2000
 tracks = 671 at attempts =  3000
 tracks = 660 at attempts =  4000
 tracks = 656 at attempts =  5000
 tracks = 654 at attempts =  6000
 tracks = 651 at attempts =  7000
 tracks = 648 at attempts =  8000
 tracks = 648 at attempts =  9000
 tracks = 648 at attempts = 10000
 tracks = 646 at attempts = 11000
 tracks = 645 at attempts = 12000
 tracks = 643 at attempts = 13000
 tracks = 642 at attempts = 14000
 tracks = 642 at attempts = 15000
 tracks = 641 at attempts = 16000
 tracks = 641 at attempts = 17000
 tracks = 641 at attempts = 18000
 tracks = 641 at attempts = 19000
 tracks = 641 at attempts = 20000
 tracks = 641 at attempts = 21000
 tracks = 640 at attempts = 22000
 tracks = 640 at attempts = 23000
 tracks = 640 at attempts = 24000
 tracks = 640 at attempts = 25000
 tracks = 640 at attempts = 26000
 tracks = 639 at attempts = 27000
 tracks = 639 at attempts = 28000
 tracks = 639 at attempts = 29000
 tracks = 639 at attempts = 30000
 tracks = 639 at attempts = 31000
 tracks = 639 at attempts = 32000
 tracks = 639 at attempts = 33000
 tracks = 639 at attempts = 34000
 tracks = 639 at attempts = 35000
 tracks = 639 at attempts = 36000
 tracks = 639 at attempts = 37000
 tracks = 639 at attempts = 38000
 tracks = 639 at attempts = 39000
 tracks = 639 at attempts = 40000
 tracks = 639 at attempts = 41000
 tracks = 639 at attempts = 42000
 tracks = 639 at attempts = 43000
 tracks = 639 at attempts = 44000
 tracks = 638 at attempts = 45000
 tracks = 638 at attempts = 46000
 tracks = 638 at attempts = 47000
 tracks = 638 at attempts = 48000
 tracks = 638 at attempts = 49000
 tracks = 638 at attempts = 50000
 tracks = 638 at attempts = 51000
 tracks = 638 at attempts = 52000
 tracks = 638 at attempts = 53000
 tracks = 638 at attempts = 54000
 tracks = 638 at attempts = 55000
 tracks = 638 at attempts = 56000
 tracks = 638 at attempts = 57000
 tracks = 638 at attempts = 58000
 tracks = 638 at attempts = 59000
 tracks = 638 at attempts = 60000
 tracks = 638 at attempts = 61000
 tracks = 638 at attempts = 62000
 tracks = 638 at attempts = 63000
 tracks = 638 at attempts = 64000
 tracks = 638 at attempts = 65000
 tracks = 637 at attempts = 66000
 tracks = 637 at attempts = 67000
 tracks = 637 at attempts = 68000
 tracks = 637 at attempts = 69000
 tracks = 637 at attempts = 70000
 tracks = 637 at attempts = 71000
 tracks = 637 at attempts = 72000
 tracks = 637 at attempts = 73000
 tracks = 637 at attempts = 74000
 tracks = 637 at attempts = 75000
 tracks = 637 at attempts = 76000
 tracks = 637 at attempts = 77000
 tracks = 637 at attempts = 78000
 tracks = 637 at attempts = 79000
 tracks = 637 at attempts = 80000
 tracks = 637 at attempts = 81000
 tracks = 637 at attempts = 82000
 tracks = 637 at attempts = 83000
 tracks = 637 at attempts = 84000
 tracks = 637 at attempts = 85000
 tracks = 637 at attempts = 86000
 tracks = 637 at attempts = 87000
 tracks = 637 at attempts = 88000
 tracks = 637 at attempts = 89000
 tracks = 637 at attempts = 90000
 tracks = 637 at attempts = 91000
 tracks = 637 at attempts = 92000
 tracks = 637 at attempts = 93000
 tracks = 637 at attempts = 94000
 tracks = 637 at attempts = 95000
 tracks = 637 at attempts = 96000
 tracks = 637 at attempts = 97000
 tracks = 637 at attempts = 98000
 removing redundant feed-through pins
 the connectivity of all the nets is verified

 block left edge is at -239
 the longest block length is 38800
 building the steiner trees
 rebuilding the steiner tree

----start doing coarse global routing ------ 
 ITERATION  1
 ITERATION  2
 ITERATION  3
 ITERATION  4
 ITERATION  5

  longest Row is:17   Its length is:35920
 doing feed-through pins assignment
 building the net-tree now !
 set up the global routing grids
 the starting value of tracks =  705
 tracks = 686 at attempts =  1000
 tracks = 673 at attempts =  2000
 tracks = 667 at attempts =  3000
 tracks = 662 at attempts =  4000
 tracks = 659 at attempts =  5000
 tracks = 653 at attempts =  6000
 tracks = 650 at attempts =  7000
 tracks = 649 at attempts =  8000
 tracks = 649 at attempts =  9000
 tracks = 649 at attempts = 10000
 tracks = 648 at attempts = 11000
 tracks = 647 at attempts = 12000
 tracks = 646 at attempts = 13000
 tracks = 646 at attempts = 14000
 tracks = 646 at attempts = 15000
 tracks = 642 at attempts = 16000
 tracks = 642 at attempts = 17000
 tracks = 639 at attempts = 18000
 tracks = 638 at attempts = 19000
 tracks = 638 at attempts = 20000
 tracks = 638 at attempts = 21000
 tracks = 638 at attempts = 22000
 tracks = 638 at attempts = 23000
 tracks = 638 at attempts = 24000
 tracks = 638 at attempts = 25000
 tracks = 638 at attempts = 26000
 tracks = 638 at attempts = 27000
 tracks = 638 at attempts = 28000
 tracks = 637 at attempts = 29000
 tracks = 637 at attempts = 30000
 tracks = 637 at attempts = 31000
 tracks = 637 at attempts = 32000
 tracks = 637 at attempts = 33000
 tracks = 637 at attempts = 34000
 tracks = 637 at attempts = 35000
 tracks = 637 at attempts = 36000
 tracks = 637 at attempts = 37000
 tracks = 637 at attempts = 38000
 tracks = 637 at attempts = 39000
 tracks = 637 at attempts = 40000
 tracks = 637 at attempts = 41000
 tracks = 637 at attempts = 42000
 tracks = 637 at attempts = 43000
 tracks = 637 at attempts = 44000
 tracks = 637 at attempts = 45000
 tracks = 637 at attempts = 46000
 tracks = 637 at attempts = 47000
 tracks = 637 at attempts = 48000
 tracks = 637 at attempts = 49000
 tracks = 637 at attempts = 50000
 tracks = 637 at attempts = 51000
 tracks = 637 at attempts = 52000
 tracks = 637 at attempts = 53000
 tracks = 637 at attempts = 54000
 tracks = 637 at attempts = 55000
 tracks = 637 at attempts = 56000
 tracks = 637 at attempts = 57000
 tracks = 637 at attempts = 58000
 tracks = 637 at attempts = 59000
 tracks = 637 at attempts = 60000
 tracks = 637 at attempts = 61000
 tracks = 637 at attempts = 62000
 tracks = 637 at attempts = 63000
 tracks = 637 at attempts = 64000
 tracks = 637 at attempts = 65000
 tracks = 637 at attempts = 66000
 tracks = 637 at attempts = 67000
 tracks = 637 at attempts = 68000
 tracks = 637 at attempts = 69000
 tracks = 637 at attempts = 70000
 tracks = 637 at attempts = 71000
 tracks = 637 at attempts = 72000
 tracks = 637 at attempts = 73000
 tracks = 637 at attempts = 74000
 tracks = 637 at attempts = 75000
 tracks = 637 at attempts = 76000
 tracks = 637 at attempts = 77000
 tracks = 637 at attempts = 78000
 tracks = 637 at attempts = 79000
 tracks = 637 at attempts = 80000
 tracks = 637 at attempts = 81000
 tracks = 637 at attempts = 82000
 tracks = 637 at attempts = 83000
 tracks = 637 at attempts = 84000
 tracks = 637 at attempts = 85000
 tracks = 637 at attempts = 86000
 tracks = 637 at attempts = 87000
 tracks = 637 at attempts = 88000
 tracks = 637 at attempts = 89000
 tracks = 637 at attempts = 90000
 tracks = 637 at attempts = 91000
 tracks = 637 at attempts = 92000
 tracks = 637 at attempts = 93000
 tracks = 637 at attempts = 94000
 tracks = 637 at attempts = 95000
 tracks = 637 at attempts = 96000
 tracks = 637 at attempts = 97000
 tracks = 637 at attempts = 98000
 removing redundant feed-through pins
 the connectivity of all the nets is verified

 block left edge is at -239
 the longest block length is 38800
 building the steiner trees
 rebuilding the steiner tree

----start doing coarse global routing ------ 
 ITERATION  1

  longest Row is:13   Its length is:34640
 doing feed-through pins assignment
 building the net-tree now !
 set up the global routing grids
 the starting value of tracks =  679
 tracks = 679 at attempts =  1000
 tracks = 679 at attempts =  2000
 tracks = 679 at attempts =  3000
 tracks = 678 at attempts =  4000
 tracks = 678 at attempts =  5000
 tracks = 678 at attempts =  6000
 tracks = 677 at attempts =  7000
 tracks = 677 at attempts =  8000
 tracks = 677 at attempts =  9000
 tracks = 677 at attempts = 10000
 tracks = 677 at attempts = 11000
 tracks = 677 at attempts = 12000
 tracks = 677 at attempts = 13000
 tracks = 677 at attempts = 14000
 tracks = 677 at attempts = 15000
 tracks = 677 at attempts = 16000
 tracks = 677 at attempts = 17000
 tracks = 677 at attempts = 18000
 tracks = 677 at attempts = 19000
 tracks = 677 at attempts = 20000
 tracks = 677 at attempts = 21000
 tracks = 677 at attempts = 22000
 tracks = 677 at attempts = 23000
 tracks = 677 at attempts = 24000
 tracks = 677 at attempts = 25000
 tracks = 677 at attempts = 26000
 tracks = 677 at attempts = 27000
 tracks = 677 at attempts = 28000
 tracks = 677 at attempts = 29000
 tracks = 677 at attempts = 30000
 tracks = 677 at attempts = 31000
 tracks = 677 at attempts = 32000
 tracks = 677 at attempts = 33000
 tracks = 677 at attempts = 34000
 tracks = 677 at attempts = 35000
 tracks = 677 at attempts = 36000
 tracks = 677 at attempts = 37000
 tracks = 677 at attempts = 38000
 tracks = 677 at attempts = 39000
 tracks = 677 at attempts = 40000
 tracks = 677 at attempts = 41000
 tracks = 677 at attempts = 42000
 tracks = 677 at attempts = 43000
 tracks = 677 at attempts = 44000
 tracks = 677 at attempts = 45000
 tracks = 677 at attempts = 46000
 tracks = 677 at attempts = 47000
 tracks = 677 at attempts = 48000
 tracks = 677 at attempts = 49000
 tracks = 677 at attempts = 50000
 tracks = 677 at attempts = 51000
 tracks = 677 at attempts = 52000
 tracks = 677 at attempts = 53000
 tracks = 677 at attempts = 54000
 tracks = 677 at attempts = 55000
 tracks = 677 at attempts = 56000
 tracks = 677 at attempts = 57000
 tracks = 677 at attempts = 58000
 tracks = 677 at attempts = 59000
 tracks = 677 at attempts = 60000
 tracks = 677 at attempts = 61000
 tracks = 677 at attempts = 62000
 tracks = 677 at attempts = 63000
 tracks = 677 at attempts = 64000
 tracks = 677 at attempts = 65000
 tracks = 677 at attempts = 66000
 tracks = 677 at attempts = 67000
 tracks = 677 at attempts = 68000
 tracks = 677 at attempts = 69000
 tracks = 677 at attempts = 70000
 tracks = 677 at attempts = 71000
 tracks = 677 at attempts = 72000
 tracks = 677 at attempts = 73000
 tracks = 677 at attempts = 74000
 tracks = 677 at attempts = 75000
 tracks = 677 at attempts = 76000
 tracks = 677 at attempts = 77000
 tracks = 677 at attempts = 78000
 tracks = 677 at attempts = 79000
 tracks = 677 at attempts = 80000
 tracks = 677 at attempts = 81000
 tracks = 677 at attempts = 82000
 tracks = 677 at attempts = 83000
 tracks = 677 at attempts = 84000
 tracks = 677 at attempts = 85000
 tracks = 677 at attempts = 86000
 tracks = 677 at attempts = 87000
 tracks = 677 at attempts = 88000
 tracks = 677 at attempts = 89000
 tracks = 677 at attempts = 90000
 tracks = 677 at attempts = 91000
 tracks = 677 at attempts = 92000
 tracks = 677 at attempts = 93000
 tracks = 677 at attempts = 94000
 tracks = 677 at attempts = 95000
 tracks = 677 at attempts = 96000
 tracks = 677 at attempts = 97000
 tracks = 677 at attempts = 98000
 removing redundant feed-through pins
 the connectivity of all the nets is verified

 block left edge is at -239
 the longest block length is 38800
 building the steiner trees
 rebuilding the steiner tree

----start doing coarse global routing ------ 
 ITERATION  1
 ITERATION  2
 ITERATION  3
 ITERATION  4
 ITERATION  5

  longest Row is:15   Its length is:35440
 doing feed-through pins assignment
 building the net-tree now !
 set up the global routing grids
 the starting value of tracks =  694
 tracks = 673 at attempts =  1000
 tracks = 661 at attempts =  2000
 tracks = 652 at attempts =  3000
 tracks = 649 at attempts =  4000
 tracks = 645 at attempts =  5000
 tracks = 643 at attempts =  6000
 tracks = 641 at attempts =  7000
 tracks = 637 at attempts =  8000
 tracks = 634 at attempts =  9000
 tracks = 634 at attempts = 10000
 tracks = 632 at attempts = 11000
 tracks = 632 at attempts = 12000
 tracks = 632 at attempts = 13000
 tracks = 631 at attempts = 14000
 tracks = 631 at attempts = 15000
 tracks = 631 at attempts = 16000
 tracks = 630 at attempts = 17000
 tracks = 629 at attempts = 18000
 tracks = 629 at attempts = 19000
 tracks = 629 at attempts = 20000
 tracks = 629 at attempts = 21000
 tracks = 628 at attempts = 22000
 tracks = 628 at attempts = 23000
 tracks = 628 at attempts = 24000
 tracks = 628 at attempts = 25000
 tracks = 628 at attempts = 26000
 tracks = 628 at attempts = 27000
 tracks = 628 at attempts = 28000
 tracks = 628 at attempts = 29000
 tracks = 628 at attempts = 30000
 tracks = 628 at attempts = 31000
 tracks = 628 at attempts = 32000
 tracks = 628 at attempts = 33000
 tracks = 628 at attempts = 34000
 tracks = 628 at attempts = 35000
 tracks = 628 at attempts = 36000
 tracks = 628 at attempts = 37000
 tracks = 628 at attempts = 38000
 tracks = 628 at attempts = 39000
 tracks = 628 at attempts = 40000
 tracks = 628 at attempts = 41000
 tracks = 628 at attempts = 42000
 tracks = 628 at attempts = 43000
 tracks = 628 at attempts = 44000
 tracks = 628 at attempts = 45000
 tracks = 628 at attempts = 46000
 tracks = 627 at attempts = 47000
 tracks = 627 at attempts = 48000
 tracks = 627 at attempts = 49000
 tracks = 627 at attempts = 50000
 tracks = 627 at attempts = 51000
 tracks = 627 at attempts = 52000
 tracks = 627 at attempts = 53000
 tracks = 627 at attempts = 54000
 tracks = 627 at attempts = 55000
 tracks = 627 at attempts = 56000
 tracks = 627 at attempts = 57000
 tracks = 627 at attempts = 58000
 tracks = 627 at attempts = 59000
 tracks = 627 at attempts = 60000
 tracks = 627 at attempts = 61000
 tracks = 627 at attempts = 62000
 tracks = 627 at attempts = 63000
 tracks = 627 at attempts = 64000
 tracks = 627 at attempts = 65000
 tracks = 627 at attempts = 66000
 tracks = 627 at attempts = 67000
 tracks = 627 at attempts = 68000
 tracks = 627 at attempts = 69000
 tracks = 627 at attempts = 70000
 tracks = 627 at attempts = 71000
 tracks = 627 at attempts = 72000
 tracks = 627 at attempts = 73000
 tracks = 627 at attempts = 74000
 tracks = 627 at attempts = 75000
 tracks = 627 at attempts = 76000
 tracks = 627 at attempts = 77000
 tracks = 627 at attempts = 78000
 tracks = 627 at attempts = 79000
 tracks = 627 at attempts = 80000
 tracks = 627 at attempts = 81000
 tracks = 627 at attempts = 82000
 tracks = 627 at attempts = 83000
 tracks = 627 at attempts = 84000
 tracks = 627 at attempts = 85000
 tracks = 627 at attempts = 86000
 tracks = 627 at attempts = 87000
 tracks = 627 at attempts = 88000
 tracks = 627 at attempts = 89000
 tracks = 627 at attempts = 90000
 tracks = 627 at attempts = 91000
 tracks = 627 at attempts = 92000
 tracks = 627 at attempts = 93000
 tracks = 627 at attempts = 94000
 tracks = 627 at attempts = 95000
 tracks = 627 at attempts = 96000
 tracks = 627 at attempts = 97000
 tracks = 627 at attempts = 98000
 removing redundant feed-through pins
 the connectivity of all the nets is verified

 block left edge is at -239
 the longest block length is 38800
 building the steiner trees
 rebuilding the steiner tree

----start doing coarse global routing ------ 
 ITERATION  1
 ITERATION  2
 ITERATION  3
 ITERATION  4
 ITERATION  5
 ITERATION  6
 ITERATION  7
 ITERATION  8

  longest Row is:16   Its length is:35840
 doing feed-through pins assignment
 building the net-tree now !
 set up the global routing grids
 the starting value of tracks =  691
 tracks = 670 at attempts =  1000
 tracks = 662 at attempts =  2000
 tracks = 658 at attempts =  3000
 tracks = 652 at attempts =  4000
 tracks = 647 at attempts =  5000
 tracks = 646 at attempts =  6000
 tracks = 646 at attempts =  7000
 tracks = 641 at attempts =  8000
 tracks = 637 at attempts =  9000
 tracks = 634 at attempts = 10000
 tracks = 633 at attempts = 11000
 tracks = 633 at attempts = 12000
 tracks = 633 at attempts = 13000
 tracks = 633 at attempts = 14000
 tracks = 632 at attempts = 15000
 tracks = 631 at attempts = 16000
 tracks = 631 at attempts = 17000
 tracks = 631 at attempts = 18000
 tracks = 631 at attempts = 19000
 tracks = 631 at attempts = 20000
 tracks = 630 at attempts = 21000
 tracks = 629 at attempts = 22000
 tracks = 629 at attempts = 23000
 tracks = 629 at attempts = 24000
 tracks = 628 at attempts = 25000
 tracks = 628 at attempts = 26000
 tracks = 628 at attempts = 27000
 tracks = 628 at attempts = 28000
 tracks = 628 at attempts = 29000
 tracks = 628 at attempts = 30000
 tracks = 628 at attempts = 31000
 tracks = 628 at attempts = 32000
 tracks = 628 at attempts = 33000
 tracks = 628 at attempts = 34000
 tracks = 628 at attempts = 35000
 tracks = 628 at attempts = 36000
 tracks = 628 at attempts = 37000
 tracks = 628 at attempts = 38000
 tracks = 628 at attempts = 39000
 tracks = 628 at attempts = 40000
 tracks = 628 at attempts = 41000
 tracks = 628 at attempts = 42000
 tracks = 628 at attempts = 43000
 tracks = 628 at attempts = 44000
 tracks = 628 at attempts = 45000
 tracks = 628 at attempts = 46000
 tracks = 628 at attempts = 47000
 tracks = 628 at attempts = 48000
 tracks = 628 at attempts = 49000
 tracks = 628 at attempts = 50000
 tracks = 628 at attempts = 51000
 tracks = 628 at attempts = 52000
 tracks = 628 at attempts = 53000
 tracks = 628 at attempts = 54000
 tracks = 628 at attempts = 55000
 tracks = 628 at attempts = 56000
 tracks = 628 at attempts = 57000
 tracks = 628 at attempts = 58000
 tracks = 628 at attempts = 59000
 tracks = 628 at attempts = 60000
 tracks = 627 at attempts = 61000
 tracks = 627 at attempts = 62000
 tracks = 627 at attempts = 63000
 tracks = 627 at attempts = 64000
 tracks = 627 at attempts = 65000
 tracks = 627 at attempts = 66000
 tracks = 627 at attempts = 67000
 tracks = 627 at attempts = 68000
 tracks = 627 at attempts = 69000
 tracks = 627 at attempts = 70000
 tracks = 627 at attempts = 71000
 tracks = 627 at attempts = 72000
 tracks = 627 at attempts = 73000
 tracks = 627 at attempts = 74000
 tracks = 627 at attempts = 75000
 tracks = 627 at attempts = 76000
 tracks = 627 at attempts = 77000
 tracks = 627 at attempts = 78000
 tracks = 627 at attempts = 79000
 tracks = 627 at attempts = 80000
 tracks = 627 at attempts = 81000
 tracks = 627 at attempts = 82000
 tracks = 627 at attempts = 83000
 tracks = 627 at attempts = 84000
 tracks = 627 at attempts = 85000
 tracks = 627 at attempts = 86000
 tracks = 627 at attempts = 87000
 tracks = 627 at attempts = 88000
 tracks = 627 at attempts = 89000
 tracks = 627 at attempts = 90000
 tracks = 627 at attempts = 91000
 tracks = 627 at attempts = 92000
 tracks = 627 at attempts = 93000
 tracks = 627 at attempts = 94000
 tracks = 627 at attempts = 95000
 tracks = 627 at attempts = 96000
 tracks = 627 at attempts = 97000
 tracks = 627 at attempts = 98000
 removing redundant feed-through pins
 the connectivity of all the nets is verified

 block left edge is at -239
 the longest block length is 38800
 building the steiner trees
 rebuilding the steiner tree

----start doing coarse global routing ------ 
 ITERATION  1
 ITERATION  2
 ITERATION  3
 ITERATION  4
 ITERATION  5
 ITERATION  6

  longest Row is:16   Its length is:36000
 doing feed-through pins assignment
 building the net-tree now !
 set up the global routing grids
 the starting value of tracks =  708
 tracks = 688 at attempts =  1000
 tracks = 679 at attempts =  2000
 tracks = 671 at attempts =  3000
 tracks = 663 at attempts =  4000
 tracks = 660 at attempts =  5000
 tracks = 657 at attempts =  6000
 tracks = 656 at attempts =  7000
 tracks = 650 at attempts =  8000
 tracks = 648 at attempts =  9000
 tracks = 648 at attempts = 10000
 tracks = 648 at attempts = 11000
 tracks = 644 at attempts = 12000
 tracks = 644 at attempts = 13000
 tracks = 643 at attempts = 14000
 tracks = 643 at attempts = 15000
 tracks = 643 at attempts = 16000
 tracks = 643 at attempts = 17000
 tracks = 642 at attempts = 18000
 tracks = 642 at attempts = 19000
 tracks = 642 at attempts = 20000
 tracks = 642 at attempts = 21000
 tracks = 641 at attempts = 22000
 tracks = 641 at attempts = 23000
 tracks = 641 at attempts = 24000
 tracks = 641 at attempts = 25000
 tracks = 641 at attempts = 26000
 tracks = 641 at attempts = 27000
 tracks = 641 at attempts = 28000
 tracks = 641 at attempts = 29000
 tracks = 641 at attempts = 30000
 tracks = 641 at attempts = 31000
 tracks = 641 at attempts = 32000
 tracks = 641 at attempts = 33000
 tracks = 641 at attempts = 34000
 tracks = 641 at attempts = 35000
 tracks = 641 at attempts = 36000
 tracks = 641 at attempts = 37000
 tracks = 641 at attempts = 38000
 tracks = 641 at attempts = 39000
 tracks = 641 at attempts = 40000
 tracks = 641 at attempts = 41000
 tracks = 641 at attempts = 42000
 tracks = 641 at attempts = 43000
 tracks = 641 at attempts = 44000
 tracks = 641 at attempts = 45000
 tracks = 641 at attempts = 46000
 tracks = 641 at attempts = 47000
 tracks = 641 at attempts = 48000
 tracks = 641 at attempts = 49000
 tracks = 641 at attempts = 50000
 tracks = 641 at attempts = 51000
 tracks = 641 at attempts = 52000
 tracks = 641 at attempts = 53000
 tracks = 641 at attempts = 54000
 tracks = 641 at attempts = 55000
 tracks = 641 at attempts = 56000
 tracks = 641 at attempts = 57000
 tracks = 641 at attempts = 58000
 tracks = 641 at attempts = 59000
 tracks = 641 at attempts = 60000
 tracks = 641 at attempts = 61000
 tracks = 641 at attempts = 62000
 tracks = 641 at attempts = 63000
 tracks = 641 at attempts = 64000
 tracks = 641 at attempts = 65000
 tracks = 641 at attempts = 66000
 tracks = 641 at attempts = 67000
 tracks = 641 at attempts = 68000
 tracks = 641 at attempts = 69000
 tracks = 641 at attempts = 70000
 tracks = 641 at attempts = 71000
 tracks = 641 at attempts = 72000
 tracks = 641 at attempts = 73000
 tracks = 641 at attempts = 74000
 tracks = 641 at attempts = 75000
 tracks = 641 at attempts = 76000
 tracks = 641 at attempts = 77000
 tracks = 641 at attempts = 78000
 tracks = 641 at attempts = 79000
 tracks = 641 at attempts = 80000
 tracks = 641 at attempts = 81000
 tracks = 641 at attempts = 82000
 tracks = 641 at attempts = 83000
 tracks = 641 at attempts = 84000
 tracks = 641 at attempts = 85000
 tracks = 641 at attempts = 86000
 tracks = 641 at attempts = 87000
 tracks = 641 at attempts = 88000
 tracks = 641 at attempts = 89000
 tracks = 641 at attempts = 90000
 tracks = 641 at attempts = 91000
 tracks = 641 at attempts = 92000
 tracks = 641 at attempts = 93000
 tracks = 640 at attempts = 94000
 tracks = 640 at attempts = 95000
 tracks = 640 at attempts = 96000
 tracks = 640 at attempts = 97000
 tracks = 640 at attempts = 98000
 removing redundant feed-through pins
 the connectivity of all the nets is verified

 block left edge is at -239
 the longest block length is 38800
 building the steiner trees
 rebuilding the steiner tree

----start doing coarse global routing ------ 
 ITERATION  1

  longest Row is:13   Its length is:34640
 doing feed-through pins assignment
 building the net-tree now !
 set up the global routing grids
 the starting value of tracks =  681
 tracks = 681 at attempts =  1000
 tracks = 681 at attempts =  2000
 tracks = 681 at attempts =  3000
 tracks = 680 at attempts =  4000
 tracks = 680 at attempts =  5000
 tracks = 679 at attempts =  6000
 tracks = 678 at attempts =  7000
 tracks = 678 at attempts =  8000
 tracks = 678 at attempts =  9000
 tracks = 678 at attempts = 10000
 tracks = 678 at attempts = 11000
 tracks = 678 at attempts = 12000
 tracks = 678 at attempts = 13000
 tracks = 678 at attempts = 14000
 tracks = 678 at attempts = 15000
 tracks = 678 at attempts = 16000
 tracks = 678 at attempts = 17000
 tracks = 678 at attempts = 18000
 tracks = 678 at attempts = 19000
 tracks = 678 at attempts = 20000
 tracks = 678 at attempts = 21000
 tracks = 678 at attempts = 22000
 tracks = 678 at attempts = 23000
 tracks = 678 at attempts = 24000
 tracks = 678 at attempts = 25000
 tracks = 678 at attempts = 26000
 tracks = 678 at attempts = 27000
 tracks = 678 at attempts = 28000
 tracks = 678 at attempts = 29000
 tracks = 678 at attempts = 30000
 tracks = 678 at attempts = 31000
 tracks = 678 at attempts = 32000
 tracks = 678 at attempts = 33000
 tracks = 678 at attempts = 34000
 tracks = 678 at attempts = 35000
 tracks = 678 at attempts = 36000
 tracks = 678 at attempts = 37000
 tracks = 678 at attempts = 38000
 tracks = 678 at attempts = 39000
 tracks = 678 at attempts = 40000
 tracks = 678 at attempts = 41000
 tracks = 678 at attempts = 42000
 tracks = 678 at attempts = 43000
 tracks = 678 at attempts = 44000
 tracks = 678 at attempts = 45000
 tracks = 678 at attempts = 46000
 tracks = 678 at attempts = 47000
 tracks = 678 at attempts = 48000
 tracks = 678 at attempts = 49000
 tracks = 678 at attempts = 50000
 tracks = 678 at attempts = 51000
 tracks = 678 at attempts = 52000
 tracks = 678 at attempts = 53000
 tracks = 678 at attempts = 54000
 tracks = 678 at attempts = 55000
 tracks = 678 at attempts = 56000
 tracks = 678 at attempts = 57000
 tracks = 678 at attempts = 58000
 tracks = 678 at attempts = 59000
 tracks = 678 at attempts = 60000
 tracks = 678 at attempts = 61000
 tracks = 678 at attempts = 62000
 tracks = 678 at attempts = 63000
 tracks = 678 at attempts = 64000
 tracks = 678 at attempts = 65000
 tracks = 678 at attempts = 66000
 tracks = 678 at attempts = 67000
 tracks = 678 at attempts = 68000
 tracks = 678 at attempts = 69000
 tracks = 678 at attempts = 70000
 tracks = 678 at attempts = 71000
 tracks = 678 at attempts = 72000
 tracks = 678 at attempts = 73000
 tracks = 678 at attempts = 74000
 tracks = 678 at attempts = 75000
 tracks = 678 at attempts = 76000
 tracks = 678 at attempts = 77000
 tracks = 678 at attempts = 78000
 tracks = 678 at attempts = 79000
 tracks = 678 at attempts = 80000
 tracks = 678 at attempts = 81000
 tracks = 678 at attempts = 82000
 tracks = 678 at attempts = 83000
 tracks = 678 at attempts = 84000
 tracks = 678 at attempts = 85000
 tracks = 678 at attempts = 86000
 tracks = 678 at attempts = 87000
 tracks = 678 at attempts = 88000
 tracks = 678 at attempts = 89000
 tracks = 678 at attempts = 90000
 tracks = 678 at attempts = 91000
 tracks = 678 at attempts = 92000
 tracks = 678 at attempts = 93000
 tracks = 678 at attempts = 94000
 tracks = 678 at attempts = 95000
 tracks = 678 at attempts = 96000
 tracks = 678 at attempts = 97000
 tracks = 678 at attempts = 98000
 removing redundant feed-through pins
 the connectivity of all the nets is verified


***********************************************
*ACTUAL* FINAL NUMBER OF ROUTING TRACKS: 627
***********************************************


TimberWolfSC terminated normally with no errors and 0 warning[s]


twflow terminated normally with no errors and 0 warning[s]

Running getfillcell to determine cell to use for fill.
getfillcell.tcl ALU_64bit  /usr/share/qflow/tech/osu018/osu018_stdcells.lef FILL
Using cell FILL for fill
Running place2def to translate graywolf output to DEF format.
place2def.tcl ALU_64bit FILL 
Running place2def.tcl
DEF database: 100 units per micron
Limits: xbot = -535.0 ybot = -465.0 xtop = 34695.0 ytop = 33065.0
Core values: 40.0 50.0 34680.0 33050.0
Offsets: 40.0 50.0
6 routing layers
metal1: 337 vertical tracks from -3um with 1um pitch
metal2: 442 vertical tracks from -3.2um with 0.8um pitch
metal3: 337 vertical tracks from -3um with 1um pitch
metal4: 442 vertical tracks from -3.2um with 0.8um pitch
metal5: 337 vertical tracks from -3um with 1um pitch
metal6: 221 vertical tracks from -3.2um with 1.6um pitch
Summary: Total components = 3809
  Fill cells  = 0
  Other cells = 3809
Done with place2def.tcl
Running addspacers to generate power stripes and align cell right edge
addspacers.tcl  -stripe 2.0 50.0 PG ALU_64bit  /usr/share/qflow/tech/osu018/osu018_stdcells.lef FILL
Reading FILL macros from LEF file.
Reading DEF file ALU_64bit.def. . .
Number of rows is 33
Longest row has width 346.8 um
addspacers:  Inserting 6 stripes of width 1.6 um (2.0 um requested)
  Pitch 49.6 um, offset 48.8 um
stretch:  Number of components is 4247
Analysis of DEF file:
Number of components = 3809
New number of components = 4247
Number of rows = 33
Adjusting obstructions for power striping
Done with addspacers.tcl
Running arrangepins to adjust pin positions for optimal routing.
arrangepins.tcl  ALU_64bit
Reading info file ALU_64bit.info. . .
Reading DEF file ALU_64bit.def. . .
Recalculating pin positions
Writing DEF file ALU_64bit_mod.def. . .
Done with arrangepins.tcl
blifanno.tcl /home/khaja/Desktop/verilog/qflow/64bitalu/synthesis/ALU_64bit.blif ALU_64bit.def /home/khaja/Desktop/verilog/qflow/64bitalu/synthesis/ALU_64bit_anno.blif
Running blifanno.tcl
Reading DEF file ALU_64bit.def. . .
Done with blifanno.tcl

Generating RTL verilog and SPICE netlist file in directory
   /home/khaja/Desktop/verilog/qflow/64bitalu/synthesis
Files:
   Verilog: /home/khaja/Desktop/verilog/qflow/64bitalu/synthesis/ALU_64bit.rtl.v
   Verilog: /home/khaja/Desktop/verilog/qflow/64bitalu/synthesis/ALU_64bit.rtlnopwr.v
   Verilog: /home/khaja/Desktop/verilog/qflow/64bitalu/synthesis/ALU_64bit.rtlbb.v
   Spice:   /home/khaja/Desktop/verilog/qflow/64bitalu/synthesis/ALU_64bit.spc

Running blif2Verilog.
Running blif2BSpice.
Placement script ended on Sunday 01 October 2023 12:47:41 PM IST
