
Qflow static timing analysis logfile appended on Sunday 01 October 2023 01:00:19 PM IST
Converting qrouter output to vesta delay format
Running rc2dly -r ALU_64bit.rc -l /usr/share/qflow/tech/osu018/osu018_stdcells.lib -d ALU_64bit.dly
Converting qrouter output to SPEF delay format
Running rc2dly -D : -r ALU_64bit.rc -l /usr/share/qflow/tech/osu018/osu018_stdcells.lib -d ALU_64bit.spef
Converting qrouter output to SDF delay format
Running rc2dly -r ALU_64bit.rc -l /usr/share/qflow/tech/osu018/osu018_stdcells.lib -d ALU_64bit.sdf
Running vesta static timing analysis with back-annotated extracted wire delays
vesta -c -d ALU_64bit.dly --long ALU_64bit.rtlnopwr.v /usr/share/qflow/tech/osu018/osu018_stdcells.lib
----------------------------------------------
Vesta static timing analysis tool
for qflow 1.3.17
(c) 2013-2018 Tim Edwards, Open Circuit Design
----------------------------------------------

Parsing library "osu018_stdcells"
End of library at line 6141
Parsing module "ALU_64bit"
Lib read /usr/share/qflow/tech/osu018/osu018_stdcells.lib:  Processed 6142 lines.
Verilog netlist read:  Processed 4264 lines.
Number of paths analyzed:  129

Top 20 maximum delay paths:
Path DFFSR_1/CLK to DFFPOSX1_51/D delay 2206.96 ps
      3.0 ps         clk_bF_buf2:   CLKBUF1_6/Y ->     DFFSR_1/CLK
    461.2 ps          enable_clk:     DFFSR_1/Q ->    BUFX4_99/A
    684.0 ps  enable_clk_bF_buf5:    BUFX4_99/Y -> OAI21X1_146/C
   1203.0 ps              _3373_: OAI21X1_146/Y ->    INVX8_13/A
   1412.5 ps              _3374_:    INVX8_13/Y ->   AND2X2_31/B
   1564.7 ps              _1195_:   AND2X2_31/Y -> OAI21X1_507/C
   1626.2 ps              _1196_: OAI21X1_507/Y ->    OR2X2_31/B
   1733.8 ps              _1197_:    OR2X2_31/Y -> AOI21X1_183/C
   1793.3 ps              _1198_: AOI21X1_183/Y -> OAI21X1_508/C
   1875.0 ps              _1199_: OAI21X1_508/Y -> AOI21X1_184/C
   1950.2 ps              _1200_: AOI21X1_184/Y -> AOI21X1_185/B
   2017.0 ps             _1__50_: AOI21X1_185/Y -> DFFPOSX1_51/D

   clock skew at destination = 8.42911
   setup at destination = 181.505

Path DFFSR_1/CLK to DFFPOSX1_35/D delay 2135.22 ps
      3.0 ps         clk_bF_buf2:   CLKBUF1_6/Y ->     DFFSR_1/CLK
    461.2 ps          enable_clk:     DFFSR_1/Q ->    BUFX4_99/A
    684.0 ps  enable_clk_bF_buf5:    BUFX4_99/Y -> OAI21X1_146/C
   1203.0 ps              _3373_: OAI21X1_146/Y ->    INVX8_13/A
   1413.7 ps              _3374_:    INVX8_13/Y ->  NAND3X1_10/A
   1556.7 ps               _344_:  NAND3X1_10/Y ->  AOI21X1_74/C
   1632.6 ps               _345_:  AOI21X1_74/Y -> OAI21X1_262/C
   1702.2 ps               _346_: OAI21X1_262/Y ->  AOI21X1_75/C
   1777.1 ps               _347_:  AOI21X1_75/Y ->   AND2X2_13/A
   1884.0 ps               _348_:   AND2X2_13/Y ->  AOI21X1_76/B
   1946.4 ps             _1__34_:  AOI21X1_76/Y -> DFFPOSX1_35/D

   clock skew at destination = 8.53663
   setup at destination = 180.297

Path DFFSR_1/CLK to DFFPOSX1_48/D delay 2112.57 ps
      3.0 ps         clk_bF_buf2:   CLKBUF1_6/Y ->     DFFSR_1/CLK
    461.2 ps          enable_clk:     DFFSR_1/Q ->    BUFX4_99/A
    684.0 ps  enable_clk_bF_buf5:    BUFX4_99/Y -> OAI21X1_146/C
   1203.0 ps              _3373_: OAI21X1_146/Y ->    INVX8_13/A
   1412.8 ps              _3374_:    INVX8_13/Y ->  NAND3X1_28/C
   1531.8 ps              _1040_:  NAND3X1_28/Y -> AOI21X1_161/C
   1599.3 ps              _1041_: AOI21X1_161/Y -> OAI21X1_465/C
   1667.8 ps              _1042_: OAI21X1_465/Y ->    OR2X2_27/A
   1773.1 ps              _1056_:    OR2X2_27/Y -> AOI21X1_162/C
   1839.5 ps              _1057_: AOI21X1_162/Y -> AOI21X1_163/A
   1920.0 ps             _1__47_: AOI21X1_163/Y -> DFFPOSX1_48/D

   clock skew at destination = 8.48761
   setup at destination = 184.076

Path DFFSR_1/CLK to DFFPOSX1_59/D delay 2104.44 ps
      3.0 ps         clk_bF_buf2:   CLKBUF1_6/Y ->     DFFSR_1/CLK
    461.2 ps          enable_clk:     DFFSR_1/Q ->    BUFX4_99/A
    684.0 ps  enable_clk_bF_buf5:    BUFX4_99/Y -> OAI21X1_146/C
   1203.0 ps              _3373_: OAI21X1_146/Y ->    INVX8_13/A
   1415.4 ps              _3374_:    INVX8_13/Y ->   AND2X2_42/B
   1566.0 ps              _1526_:   AND2X2_42/Y -> OAI21X1_587/C
   1630.2 ps              _1527_: OAI21X1_587/Y -> AOI21X1_237/C
   1694.1 ps              _1528_: AOI21X1_237/Y -> OAI21X1_588/C
   1776.9 ps              _1529_: OAI21X1_588/Y -> AOI21X1_238/C
   1850.8 ps              _1530_: AOI21X1_238/Y -> AOI21X1_239/B
   1916.7 ps             _1__58_: AOI21X1_239/Y -> DFFPOSX1_59/D

   clock skew at destination = 6.65976
   setup at destination = 181.114

Path DFFSR_1/CLK to DFFPOSX1_58/D delay 2104.17 ps
      3.0 ps         clk_bF_buf2:   CLKBUF1_6/Y ->     DFFSR_1/CLK
    461.2 ps          enable_clk:     DFFSR_1/Q ->    BUFX4_99/A
    684.0 ps  enable_clk_bF_buf5:    BUFX4_99/Y -> OAI21X1_146/C
   1203.0 ps              _3373_: OAI21X1_146/Y ->    INVX8_13/A
   1415.5 ps              _3374_:    INVX8_13/Y ->   AND2X2_40/A
   1555.6 ps              _1488_:   AND2X2_40/Y -> OAI21X1_580/C
   1618.9 ps              _1489_: OAI21X1_580/Y -> AOI21X1_229/C
   1681.6 ps              _1490_: AOI21X1_229/Y -> OAI21X1_581/C
   1762.3 ps              _1491_: OAI21X1_581/Y -> AOI21X1_230/C
   1837.6 ps              _1492_: AOI21X1_230/Y -> AOI21X1_231/A
   1914.1 ps             _1__57_: AOI21X1_231/Y -> DFFPOSX1_58/D

   clock skew at destination = 6.65976
   setup at destination = 183.401

Path DFFSR_1/CLK to DFFPOSX1_50/D delay 2103.74 ps
      3.0 ps         clk_bF_buf2:   CLKBUF1_6/Y ->     DFFSR_1/CLK
    461.2 ps          enable_clk:     DFFSR_1/Q ->    BUFX4_99/A
    684.0 ps  enable_clk_bF_buf5:    BUFX4_99/Y -> OAI21X1_146/C
   1203.0 ps              _3373_: OAI21X1_146/Y ->    INVX8_13/A
   1412.4 ps              _3374_:    INVX8_13/Y ->   AND2X2_30/A
   1554.6 ps              _1151_:   AND2X2_30/Y -> OAI21X1_496/C
   1617.0 ps              _1152_: OAI21X1_496/Y -> AOI21X1_172/C
   1681.5 ps              _1153_: AOI21X1_172/Y -> OAI21X1_497/C
   1761.2 ps              _1154_: OAI21X1_497/Y -> AOI21X1_173/C
   1836.4 ps              _1155_: AOI21X1_173/Y -> AOI21X1_174/A
   1912.0 ps             _1__49_: AOI21X1_174/Y -> DFFPOSX1_50/D

   clock skew at destination = 8.42911
   setup at destination = 183.351

Path DFFSR_1/CLK to DFFPOSX1_61/D delay 2101.56 ps
      3.0 ps         clk_bF_buf2:   CLKBUF1_6/Y ->     DFFSR_1/CLK
    461.2 ps          enable_clk:     DFFSR_1/Q ->    BUFX4_99/A
    684.0 ps  enable_clk_bF_buf5:    BUFX4_99/Y -> OAI21X1_146/C
   1203.0 ps              _3373_: OAI21X1_146/Y ->    INVX8_13/A
   1415.3 ps              _3374_:    INVX8_13/Y ->   AND2X2_43/B
   1564.6 ps              _1615_:   AND2X2_43/Y -> OAI21X1_606/C
   1627.5 ps              _1616_: OAI21X1_606/Y -> AOI21X1_256/C
   1691.4 ps              _1617_: AOI21X1_256/Y -> OAI21X1_607/C
   1766.4 ps              _1618_: OAI21X1_607/Y ->  NOR2X1_352/A
   1847.4 ps              _1619_:  NOR2X1_352/Y -> AOI21X1_257/B
   1913.6 ps             _1__60_: AOI21X1_257/Y -> DFFPOSX1_61/D

   clock skew at destination = 6.65976
   setup at destination = 181.248

Path DFFSR_1/CLK to DFFPOSX1_55/D delay 2100.2 ps
      3.0 ps         clk_bF_buf2:   CLKBUF1_6/Y ->     DFFSR_1/CLK
    461.2 ps          enable_clk:     DFFSR_1/Q ->    BUFX4_99/A
    684.0 ps  enable_clk_bF_buf5:    BUFX4_99/Y -> OAI21X1_146/C
   1203.0 ps              _3373_: OAI21X1_146/Y ->    INVX8_13/A
   1415.5 ps              _3374_:    INVX8_13/Y ->   AND2X2_34/B
   1565.0 ps              _1351_:   AND2X2_34/Y -> OAI21X1_550/C
   1628.0 ps              _1352_: OAI21X1_550/Y -> AOI21X1_206/C
   1692.6 ps              _1353_: AOI21X1_206/Y -> OAI21X1_551/C
   1770.8 ps              _1354_: OAI21X1_551/Y -> AOI21X1_207/C
   1846.2 ps              _1355_: AOI21X1_207/Y -> AOI21X1_208/B
   1912.3 ps             _1__54_: AOI21X1_208/Y -> DFFPOSX1_55/D

   clock skew at destination = 6.65976
   setup at destination = 181.203

Path DFFSR_1/CLK to DFFPOSX1_44/D delay 2053.7 ps
      3.0 ps         clk_bF_buf2:   CLKBUF1_6/Y ->     DFFSR_1/CLK
    461.2 ps          enable_clk:     DFFSR_1/Q ->    BUFX4_99/A
    684.0 ps  enable_clk_bF_buf5:    BUFX4_99/Y -> OAI21X1_146/C
   1203.0 ps              _3373_: OAI21X1_146/Y ->    INVX8_13/A
   1412.1 ps              _3374_:    INVX8_13/Y -> NAND2X1_394/A
   1530.4 ps               _860_: NAND2X1_394/Y -> AOI21X1_135/C
   1604.0 ps               _861_: AOI21X1_135/Y ->  NAND3X1_20/A
   1710.3 ps               _870_:  NAND3X1_20/Y -> AOI21X1_136/C
   1792.1 ps               _871_: AOI21X1_136/Y -> AOI21X1_137/B
   1862.8 ps             _1__43_: AOI21X1_137/Y -> DFFPOSX1_44/D

   clock skew at destination = 8.48761
   setup at destination = 182.397

Path DFFSR_1/CLK to DFFPOSX1_46/D delay 2041.76 ps
      3.0 ps         clk_bF_buf2:   CLKBUF1_6/Y ->     DFFSR_1/CLK
    461.2 ps          enable_clk:     DFFSR_1/Q ->    BUFX4_99/A
    684.0 ps  enable_clk_bF_buf5:    BUFX4_99/Y -> OAI21X1_146/C
   1203.0 ps              _3373_: OAI21X1_146/Y ->    INVX8_13/A
   1413.2 ps              _3374_:    INVX8_13/Y ->  NAND3X1_23/C
   1528.4 ps               _961_:  NAND3X1_23/Y -> AOI21X1_149/C
   1602.9 ps               _962_: AOI21X1_149/Y ->  NAND3X1_24/A
   1706.5 ps               _973_:  NAND3X1_24/Y -> AOI21X1_150/C
   1783.2 ps               _974_: AOI21X1_150/Y -> AOI21X1_151/B
   1850.7 ps             _1__45_: AOI21X1_151/Y -> DFFPOSX1_46/D

   clock skew at destination = 9.37398
   setup at destination = 181.708

Path DFFSR_1/CLK to DFFPOSX1_63/D delay 2014.97 ps
      3.0 ps         clk_bF_buf2:   CLKBUF1_6/Y ->     DFFSR_1/CLK
    461.2 ps          enable_clk:     DFFSR_1/Q ->    BUFX4_99/A
    684.0 ps  enable_clk_bF_buf5:    BUFX4_99/Y -> OAI21X1_146/C
   1203.0 ps              _3373_: OAI21X1_146/Y ->    INVX8_13/A
   1415.5 ps              _3374_:    INVX8_13/Y -> NAND2X1_523/A
   1535.1 ps              _1703_: NAND2X1_523/Y -> AOI21X1_270/C
   1602.8 ps              _1704_: AOI21X1_270/Y -> NAND2X1_524/A
   1686.2 ps              _1705_: NAND2X1_524/Y -> AOI21X1_271/C
   1759.0 ps              _1706_: AOI21X1_271/Y -> AOI21X1_272/B
   1826.8 ps             _1__62_: AOI21X1_272/Y -> DFFPOSX1_63/D

   clock skew at destination = 6.65976
   setup at destination = 181.469

Path DFFSR_1/CLK to DFFPOSX1_56/D delay 2013.81 ps
      3.0 ps         clk_bF_buf2:   CLKBUF1_6/Y ->     DFFSR_1/CLK
    461.2 ps          enable_clk:     DFFSR_1/Q ->    BUFX4_99/A
    684.0 ps  enable_clk_bF_buf5:    BUFX4_99/Y -> OAI21X1_146/C
   1203.0 ps              _3373_: OAI21X1_146/Y ->    INVX8_13/A
   1414.9 ps              _3374_:    INVX8_13/Y ->  NAND3X1_33/C
   1530.7 ps              _1392_:  NAND3X1_33/Y -> AOI21X1_213/C
   1598.9 ps              _1393_: AOI21X1_213/Y -> NAND2X1_485/A
   1683.5 ps              _1394_: NAND2X1_485/Y -> AOI21X1_214/C
   1758.1 ps              _1395_: AOI21X1_214/Y -> AOI21X1_215/B
   1824.1 ps             _1__55_: AOI21X1_215/Y -> DFFPOSX1_56/D

   clock skew at destination = 8.42911
   setup at destination = 181.33

Path DFFSR_1/CLK to DFFPOSX1_52/D delay 2012.3 ps
      3.0 ps         clk_bF_buf2:   CLKBUF1_6/Y ->     DFFSR_1/CLK
    461.2 ps          enable_clk:     DFFSR_1/Q ->    BUFX4_99/A
    684.0 ps  enable_clk_bF_buf5:    BUFX4_99/Y -> OAI21X1_146/C
   1203.0 ps              _3373_: OAI21X1_146/Y ->    INVX8_13/A
   1414.3 ps              _3374_:    INVX8_13/Y ->  NAND3X1_30/C
   1530.7 ps              _1232_:  NAND3X1_30/Y -> AOI21X1_188/C
   1596.8 ps              _1233_: AOI21X1_188/Y -> NAND2X1_459/A
   1674.3 ps              _1234_: NAND2X1_459/Y -> AOI21X1_189/C
   1744.1 ps              _1235_: AOI21X1_189/Y -> AOI21X1_190/A
   1820.5 ps             _1__51_: AOI21X1_190/Y -> DFFPOSX1_52/D

   clock skew at destination = 8.42911
   setup at destination = 183.372

Path DFFSR_1/CLK to DFFPOSX1_57/D delay 2000.73 ps
      3.0 ps         clk_bF_buf2:   CLKBUF1_6/Y ->     DFFSR_1/CLK
    461.2 ps          enable_clk:     DFFSR_1/Q ->    BUFX4_99/A
    684.0 ps  enable_clk_bF_buf5:    BUFX4_99/Y -> OAI21X1_146/C
   1203.0 ps              _3373_: OAI21X1_146/Y ->    INVX8_13/A
   1412.3 ps              _3374_:    INVX8_13/Y ->  NAND3X1_34/A
   1553.6 ps              _1449_:  NAND3X1_34/Y -> AOI21X1_222/C
   1630.8 ps              _1450_: AOI21X1_222/Y ->   AND2X2_38/B
   1749.3 ps              _1451_:   AND2X2_38/Y -> AOI21X1_223/B
   1812.0 ps             _1__56_: AOI21X1_223/Y -> DFFPOSX1_57/D

   clock skew at destination = 8.42911
   setup at destination = 180.332

Path DFFSR_1/CLK to DFFPOSX1_33/D delay 1984.77 ps
      3.0 ps         clk_bF_buf2:   CLKBUF1_6/Y ->     DFFSR_1/CLK
    461.2 ps          enable_clk:     DFFSR_1/Q ->    BUFX4_99/A
    684.0 ps  enable_clk_bF_buf5:    BUFX4_99/Y -> OAI21X1_146/C
   1202.7 ps              _3373_: OAI21X1_146/Y ->     OR2X2_4/B
   1421.0 ps               _172_:     OR2X2_4/Y ->  AOI21X1_63/C
   1483.5 ps               _173_:  AOI21X1_63/Y -> OAI21X1_203/C
   1546.2 ps               _174_: OAI21X1_203/Y ->     OR2X2_5/B
   1658.7 ps               _175_:     OR2X2_5/Y ->  AOI21X1_64/C
   1728.5 ps               _176_:  AOI21X1_64/Y ->  AOI21X1_65/B
   1794.9 ps             _1__32_:  AOI21X1_65/Y -> DFFPOSX1_33/D

   clock skew at destination = 8.48761
   setup at destination = 181.386

Path DFFSR_1/CLK to DFFPOSX1_40/D delay 1983.25 ps
      3.0 ps         clk_bF_buf2:   CLKBUF1_6/Y ->     DFFSR_1/CLK
    461.2 ps          enable_clk:     DFFSR_1/Q ->    BUFX4_99/A
    684.0 ps  enable_clk_bF_buf5:    BUFX4_99/Y -> OAI21X1_146/C
   1201.8 ps              _3373_: OAI21X1_146/Y ->  NOR2X1_175/A
   1363.4 ps               _646_:  NOR2X1_175/Y -> OAI21X1_355/C
   1460.4 ps               _647_: OAI21X1_355/Y -> AOI21X1_105/C
   1537.3 ps               _648_: AOI21X1_105/Y ->  NAND3X1_15/B
   1636.1 ps               _659_:  NAND3X1_15/Y -> AOI21X1_109/C
   1714.1 ps               _660_: AOI21X1_109/Y -> AOI21X1_110/A
   1791.0 ps             _1__39_: AOI21X1_110/Y -> DFFPOSX1_40/D

   clock skew at destination = 8.53663
   setup at destination = 183.679

Path DFFSR_1/CLK to DFFPOSX1_62/D delay 1977.58 ps
      3.0 ps         clk_bF_buf2:   CLKBUF1_6/Y ->     DFFSR_1/CLK
    461.2 ps          enable_clk:     DFFSR_1/Q ->    BUFX4_99/A
    684.0 ps  enable_clk_bF_buf5:    BUFX4_99/Y -> OAI21X1_146/C
   1203.1 ps              _3373_: OAI21X1_146/Y ->  NOR2X1_362/A
   1359.7 ps              _1659_:  NOR2X1_362/Y -> OAI21X1_618/C
   1455.1 ps              _1660_: OAI21X1_618/Y -> AOI21X1_261/C
   1530.6 ps              _1661_: AOI21X1_261/Y ->  NAND3X1_36/B
   1632.3 ps              _1662_:  NAND3X1_36/Y -> AOI21X1_262/C
   1711.2 ps              _1663_: AOI21X1_262/Y -> AOI21X1_263/A
   1787.5 ps             _1__61_: AOI21X1_263/Y -> DFFPOSX1_62/D

   clock skew at destination = 6.65976
   setup at destination = 183.444

Path DFFSR_1/CLK to DFFPOSX1_32/D delay 1974.78 ps
      3.0 ps         clk_bF_buf2:   CLKBUF1_6/Y ->     DFFSR_1/CLK
    461.2 ps          enable_clk:     DFFSR_1/Q ->    BUFX4_99/A
    684.0 ps  enable_clk_bF_buf5:    BUFX4_99/Y -> OAI21X1_146/C
   1203.0 ps              _3373_: OAI21X1_146/Y ->    INVX8_13/A
   1413.5 ps              _3374_:    INVX8_13/Y ->    AND2X2_8/B
   1559.8 ps              _3388_:    AND2X2_8/Y -> OAI21X1_148/C
   1634.9 ps              _3389_: OAI21X1_148/Y ->  AOI21X1_43/C
   1707.3 ps              _3390_:  AOI21X1_43/Y ->  AOI21X1_44/A
   1782.9 ps             _1__31_:  AOI21X1_44/Y -> DFFPOSX1_32/D

   clock skew at destination = 8.53663
   setup at destination = 183.304

Path DFFSR_1/CLK to DFFPOSX1_38/D delay 1941.95 ps
      3.0 ps         clk_bF_buf2:   CLKBUF1_6/Y ->     DFFSR_1/CLK
    461.2 ps          enable_clk:     DFFSR_1/Q ->    BUFX4_99/A
    684.0 ps  enable_clk_bF_buf5:    BUFX4_99/Y -> OAI21X1_146/C
   1202.4 ps              _3373_: OAI21X1_146/Y ->  NOR2X1_167/A
   1365.4 ps               _526_:  NOR2X1_167/Y -> OAI21X1_317/C
   1461.8 ps               _527_: OAI21X1_317/Y ->  AOI21X1_93/C
   1528.1 ps               _528_:  AOI21X1_93/Y -> NAND2X1_340/A
   1609.8 ps               _557_: NAND2X1_340/Y ->  AOI21X1_95/C
   1683.2 ps               _558_:  AOI21X1_95/Y ->  AOI21X1_96/B
   1751.7 ps             _1__37_:  AOI21X1_96/Y -> DFFPOSX1_38/D

   clock skew at destination = 8.48761
   setup at destination = 181.783

Path DFFSR_1/CLK to DFFPOSX1_36/D delay 1930.92 ps
      3.0 ps         clk_bF_buf2:   CLKBUF1_6/Y ->     DFFSR_1/CLK
    461.2 ps          enable_clk:     DFFSR_1/Q ->    BUFX4_99/A
    684.0 ps  enable_clk_bF_buf5:    BUFX4_99/Y -> OAI21X1_146/C
   1202.7 ps              _3373_: OAI21X1_146/Y ->  NOR2X1_148/A
   1360.2 ps               _382_:  NOR2X1_148/Y -> OAI21X1_271/C
   1453.4 ps               _383_: OAI21X1_271/Y ->  NOR2X1_149/A
   1525.1 ps               _384_:  NOR2X1_149/Y -> NAND2X1_305/B
   1598.9 ps               _416_: NAND2X1_305/Y ->  AOI21X1_80/C
   1673.5 ps               _417_:  AOI21X1_80/Y ->  AOI21X1_81/B
   1740.8 ps             _1__35_:  AOI21X1_81/Y -> DFFPOSX1_36/D

   clock skew at destination = 8.53663
   setup at destination = 181.621

Computed maximum clock frequency (zero margin) = 453.113 MHz
-----------------------------------------

Number of paths analyzed:  129

Top 20 minimum delay paths:
Path DFFPOSX1_27/CLK to output pin result[26] delay 186.063 ps
      3.1 ps  clk_bF_buf7:   CLKBUF1_1/Y -> DFFPOSX1_27/CLK
    117.2 ps   _3409__26_: DFFPOSX1_27/Q ->    BUFX2_29/A
    186.1 ps   result[26]:    BUFX2_29/Y -> result[26]

Path DFFPOSX1_23/CLK to output pin result[22] delay 186.52 ps
      2.0 ps  clk_bF_buf7:   CLKBUF1_1/Y -> DFFPOSX1_23/CLK
    117.6 ps   _3409__22_: DFFPOSX1_23/Q ->    BUFX2_25/A
    186.5 ps   result[22]:    BUFX2_25/Y -> result[22]

Path DFFPOSX1_20/CLK to output pin result[19] delay 187.652 ps
      2.6 ps  clk_bF_buf2:   CLKBUF1_6/Y -> DFFPOSX1_20/CLK
    118.7 ps   _3409__19_: DFFPOSX1_20/Q ->    BUFX2_22/A
    187.7 ps   result[19]:    BUFX2_22/Y -> result[19]

Path DFFPOSX1_24/CLK to output pin result[23] delay 187.849 ps
      2.1 ps  clk_bF_buf7:   CLKBUF1_1/Y -> DFFPOSX1_24/CLK
    118.7 ps   _3409__23_: DFFPOSX1_24/Q ->    BUFX2_26/A
    187.8 ps   result[23]:    BUFX2_26/Y -> result[23]

Path DFFPOSX1_28/CLK to output pin result[27] delay 187.87 ps
      2.2 ps  clk_bF_buf7:   CLKBUF1_1/Y -> DFFPOSX1_28/CLK
    118.9 ps   _3409__27_: DFFPOSX1_28/Q ->    BUFX2_30/A
    187.9 ps   result[27]:    BUFX2_30/Y -> result[27]

Path DFFPOSX1_19/CLK to output pin result[18] delay 188.824 ps
      2.5 ps  clk_bF_buf2:   CLKBUF1_6/Y -> DFFPOSX1_19/CLK
    119.7 ps   _3409__18_: DFFPOSX1_19/Q ->    BUFX2_21/A
    188.8 ps   result[18]:    BUFX2_21/Y -> result[18]

Path DFFPOSX1_12/CLK to output pin result[11] delay 189.596 ps
      0.9 ps  clk_bF_buf6:   CLKBUF1_2/Y -> DFFPOSX1_12/CLK
    120.6 ps   _3409__11_: DFFPOSX1_12/Q ->    BUFX2_14/A
    189.6 ps   result[11]:    BUFX2_14/Y -> result[11]

Path DFFPOSX1_18/CLK to output pin result[17] delay 191.25 ps
      1.0 ps  clk_bF_buf6:   CLKBUF1_2/Y -> DFFPOSX1_18/CLK
    122.3 ps   _3409__17_: DFFPOSX1_18/Q ->    BUFX2_20/A
    191.3 ps   result[17]:    BUFX2_20/Y -> result[17]

Path DFFPOSX1_9/CLK to output pin result[8] delay 192.302 ps
      1.1 ps  clk_bF_buf6:  CLKBUF1_2/Y -> DFFPOSX1_9/CLK
    122.7 ps    _3409__8_: DFFPOSX1_9/Q ->   BUFX2_11/A
    192.3 ps    result[8]:   BUFX2_11/Y -> result[8]

Path DFFPOSX1_11/CLK to output pin result[10] delay 193.173 ps
      0.9 ps  clk_bF_buf6:   CLKBUF1_2/Y -> DFFPOSX1_11/CLK
    124.1 ps   _3409__10_: DFFPOSX1_11/Q ->    BUFX2_13/A
    193.2 ps   result[10]:    BUFX2_13/Y -> result[10]

Path DFFPOSX1_6/CLK to output pin result[5] delay 195.457 ps
      2.3 ps  clk_bF_buf1:  CLKBUF1_7/Y -> DFFPOSX1_6/CLK
    125.2 ps    _3409__5_: DFFPOSX1_6/Q ->    BUFX2_8/A
    195.5 ps    result[5]:    BUFX2_8/Y -> result[5]

Path DFFPOSX1_10/CLK to output pin result[9] delay 196.806 ps
      1.1 ps  clk_bF_buf6:   CLKBUF1_2/Y -> DFFPOSX1_10/CLK
    127.6 ps    _3409__9_: DFFPOSX1_10/Q ->    BUFX2_12/A
    196.8 ps    result[9]:    BUFX2_12/Y -> result[9]

Path DFFPOSX1_1/CLK to output pin result[0] delay 200.399 ps
      2.6 ps  clk_bF_buf2:  CLKBUF1_6/Y -> DFFPOSX1_1/CLK
    130.7 ps    _3409__0_: DFFPOSX1_1/Q ->    BUFX2_3/A
    200.4 ps    result[0]:    BUFX2_3/Y -> result[0]

Path DFFPOSX1_5/CLK to output pin result[4] delay 200.794 ps
      1.7 ps  clk_bF_buf1:  CLKBUF1_7/Y -> DFFPOSX1_5/CLK
    131.7 ps    _3409__4_: DFFPOSX1_5/Q ->    BUFX2_7/A
    200.8 ps    result[4]:    BUFX2_7/Y -> result[4]

Path DFFPOSX1_2/CLK to output pin result[1] delay 201.671 ps
      4.3 ps  clk_bF_buf2:  CLKBUF1_6/Y -> DFFPOSX1_2/CLK
    131.7 ps    _3409__1_: DFFPOSX1_2/Q ->    BUFX2_4/A
    201.7 ps    result[1]:    BUFX2_4/Y -> result[1]

Path DFFPOSX1_17/CLK to output pin result[16] delay 212.608 ps
      0.9 ps  clk_bF_buf6:   CLKBUF1_2/Y -> DFFPOSX1_17/CLK
    142.8 ps   _3409__16_: DFFPOSX1_17/Q ->    BUFX2_19/A
    212.6 ps   result[16]:    BUFX2_19/Y -> result[16]

Path DFFPOSX1_53/CLK to output pin result[52] delay 215.013 ps
      2.8 ps  clk_bF_buf4:   CLKBUF1_4/Y -> DFFPOSX1_53/CLK
    145.2 ps   _3409__52_: DFFPOSX1_53/Q ->    BUFX2_55/A
    215.0 ps   result[52]:    BUFX2_55/Y -> result[52]

Path DFFPOSX1_37/CLK to output pin result[36] delay 215.335 ps
      1.6 ps  clk_bF_buf5:   CLKBUF1_3/Y -> DFFPOSX1_37/CLK
    145.5 ps   _3409__36_: DFFPOSX1_37/Q ->    BUFX2_39/A
    215.3 ps   result[36]:    BUFX2_39/Y -> result[36]

Path DFFPOSX1_26/CLK to output pin result[25] delay 215.377 ps
      1.6 ps  clk_bF_buf7:   CLKBUF1_1/Y -> DFFPOSX1_26/CLK
    145.4 ps   _3409__25_: DFFPOSX1_26/Q ->    BUFX2_28/A
    215.4 ps   result[25]:    BUFX2_28/Y -> result[25]

Path DFFPOSX1_39/CLK to output pin result[38] delay 215.808 ps
      2.8 ps  clk_bF_buf5:   CLKBUF1_3/Y -> DFFPOSX1_39/CLK
    145.9 ps   _3409__38_: DFFPOSX1_39/Q ->    BUFX2_41/A
    215.8 ps   result[38]:    BUFX2_41/Y -> result[38]

Design meets minimum hold timing.
-----------------------------------------

Number of paths analyzed:  131

Top 20 maximum delay paths:
Path input pin operand_B[1] to DFFPOSX1_60/D delay 2947.83 ps
      1.0 ps          operand_B[1]:               ->   BUFX4_187/A
    177.6 ps  operand_B_1_bF_buf9_:   BUFX4_187/Y ->     INVX8_1/A
    276.1 ps                _2461_:     INVX8_1/Y ->    BUFX4_66/A
    476.7 ps       _2461__bF_buf10:    BUFX4_66/Y ->   NOR2X1_15/A
    644.4 ps                _2482_:   NOR2X1_15/Y ->   AOI21X1_6/C
    772.5 ps                _2524_:   AOI21X1_6/Y ->   OAI21X1_9/A
    930.4 ps                _2650_:   OAI21X1_9/Y ->   AOI21X1_9/A
   1188.1 ps                _2801_:   AOI21X1_9/Y ->  OAI21X1_19/A
   1450.1 ps                _2872_:  OAI21X1_19/Y ->  AOI21X1_47/B
   1681.0 ps                _3408_:  AOI21X1_47/Y -> OAI21X1_472/A
   1938.1 ps                _1074_: OAI21X1_472/Y -> AOI21X1_217/B
   2133.8 ps                _1410_: AOI21X1_217/Y -> OAI21X1_582/A
   2301.1 ps                _1501_: OAI21X1_582/Y -> NAND2X1_507/B
   2392.5 ps                _1544_: NAND2X1_507/Y -> OAI21X1_590/C
   2496.7 ps                _1545_: OAI21X1_590/Y ->    OR2X2_34/A
   2612.7 ps                _1546_:    OR2X2_34/Y -> AOI21X1_245/B
   2691.3 ps                _1567_: AOI21X1_245/Y -> AOI21X1_246/B
   2756.5 ps               _1__59_: AOI21X1_246/Y -> DFFPOSX1_60/D

   setup at destination = 191.376

Path input pin operand_B[1] to DFFPOSX1_64/D delay 2904.13 ps
      1.0 ps          operand_B[1]:               ->   BUFX4_187/A
    177.6 ps  operand_B_1_bF_buf9_:   BUFX4_187/Y ->     INVX8_1/A
    276.1 ps                _2461_:     INVX8_1/Y ->    BUFX4_66/A
    476.7 ps       _2461__bF_buf10:    BUFX4_66/Y ->   NOR2X1_15/A
    644.4 ps                _2482_:   NOR2X1_15/Y ->   AOI21X1_6/C
    772.5 ps                _2524_:   AOI21X1_6/Y ->   OAI21X1_9/A
    930.4 ps                _2650_:   OAI21X1_9/Y ->   AOI21X1_9/A
   1188.1 ps                _2801_:   AOI21X1_9/Y ->  OAI21X1_19/A
   1450.1 ps                _2872_:  OAI21X1_19/Y ->  AOI21X1_47/B
   1681.0 ps                _3408_:  AOI21X1_47/Y -> OAI21X1_472/A
   1938.1 ps                _1074_: OAI21X1_472/Y -> AOI21X1_217/B
   2133.5 ps                _1410_: AOI21X1_217/Y -> OAI21X1_597/A
   2278.3 ps                _1578_: OAI21X1_597/Y -> AOI21X1_264/B
   2397.5 ps                _1673_: AOI21X1_264/Y -> OAI21X1_626/A
   2487.7 ps                _1712_: OAI21X1_626/Y -> NAND2X1_525/B
   2560.8 ps                _1713_: NAND2X1_525/Y ->  NAND3X1_39/C
   2637.9 ps                _1716_:  NAND3X1_39/Y -> AOI21X1_276/A
   2713.3 ps               _1__63_: AOI21X1_276/Y -> DFFPOSX1_64/D

   setup at destination = 190.823

Path input pin operand_B[1] to DFFPOSX1_63/D delay 2838.49 ps
      1.0 ps          operand_B[1]:               ->   BUFX4_187/A
    177.6 ps  operand_B_1_bF_buf9_:   BUFX4_187/Y ->     INVX8_1/A
    276.1 ps                _2461_:     INVX8_1/Y ->    BUFX4_66/A
    476.7 ps       _2461__bF_buf10:    BUFX4_66/Y ->   NOR2X1_15/A
    644.4 ps                _2482_:   NOR2X1_15/Y ->   AOI21X1_6/C
    772.5 ps                _2524_:   AOI21X1_6/Y ->   OAI21X1_9/A
    930.4 ps                _2650_:   OAI21X1_9/Y ->   AOI21X1_9/A
   1188.1 ps                _2801_:   AOI21X1_9/Y ->  OAI21X1_19/A
   1450.1 ps                _2872_:  OAI21X1_19/Y ->  AOI21X1_47/B
   1681.0 ps                _3408_:  AOI21X1_47/Y -> OAI21X1_472/A
   1938.1 ps                _1074_: OAI21X1_472/Y -> AOI21X1_217/B
   2133.5 ps                _1410_: AOI21X1_217/Y -> OAI21X1_597/A
   2278.3 ps                _1578_: OAI21X1_597/Y -> AOI21X1_264/B
   2397.4 ps                _1673_: AOI21X1_264/Y -> OAI21X1_620/C
   2486.4 ps                _1674_: OAI21X1_620/Y ->  NAND3X1_37/C
   2570.0 ps                _1680_:  NAND3X1_37/Y -> AOI21X1_272/A
   2647.8 ps               _1__62_: AOI21X1_272/Y -> DFFPOSX1_63/D

   setup at destination = 190.696

Path input pin operand_B[1] to DFFPOSX1_56/D delay 2822.74 ps
      1.0 ps          operand_B[1]:               ->   BUFX4_187/A
    177.6 ps  operand_B_1_bF_buf9_:   BUFX4_187/Y ->     INVX8_1/A
    276.1 ps                _2461_:     INVX8_1/Y ->    BUFX4_66/A
    476.7 ps       _2461__bF_buf10:    BUFX4_66/Y ->   NOR2X1_15/A
    644.4 ps                _2482_:   NOR2X1_15/Y ->   AOI21X1_6/C
    772.5 ps                _2524_:   AOI21X1_6/Y ->   OAI21X1_9/A
    930.4 ps                _2650_:   OAI21X1_9/Y ->   AOI21X1_9/A
   1188.1 ps                _2801_:   AOI21X1_9/Y ->  OAI21X1_19/A
   1450.1 ps                _2872_:  OAI21X1_19/Y ->  AOI21X1_47/B
   1681.0 ps                _3408_:  AOI21X1_47/Y -> OAI21X1_472/A
   1937.9 ps                _1074_: OAI21X1_472/Y -> AOI21X1_191/B
   2095.0 ps                _1245_: AOI21X1_191/Y -> OAI21X1_543/A
   2265.3 ps                _1324_: OAI21X1_543/Y -> AOI21X1_209/B
   2399.3 ps                _1361_: AOI21X1_209/Y -> AOI21X1_210/B
   2479.9 ps                _1362_: AOI21X1_210/Y -> OAI21X1_552/C
   2555.2 ps                _1363_: OAI21X1_552/Y -> AOI21X1_215/A
   2632.0 ps               _1__55_: AOI21X1_215/Y -> DFFPOSX1_56/D

   setup at destination = 190.71

Path input pin operand_B[1] to DFFPOSX1_48/D delay 2815.19 ps
      1.0 ps          operand_B[1]:               ->   BUFX4_187/A
    177.6 ps  operand_B_1_bF_buf9_:   BUFX4_187/Y ->     INVX8_1/A
    276.1 ps                _2461_:     INVX8_1/Y ->    BUFX4_66/A
    476.5 ps       _2461__bF_buf10:    BUFX4_66/Y -> NAND2X1_194/B
    624.5 ps                   _4_: NAND2X1_194/Y -> OAI21X1_156/C
    790.1 ps                  _25_: OAI21X1_156/Y ->  AOI21X1_51/B
    958.3 ps                  _31_:  AOI21X1_51/Y -> OAI21X1_160/A
   1167.0 ps                  _38_: OAI21X1_160/Y ->  AOI21X1_55/B
   1417.4 ps                  _59_:  AOI21X1_55/Y -> OAI21X1_168/A
   1602.6 ps                  _69_: OAI21X1_168/Y -> AOI21X1_113/B
   1818.6 ps                 _689_: AOI21X1_113/Y -> OAI21X1_422/A
   1996.7 ps                 _884_: OAI21X1_422/Y -> NAND2X1_410/B
   2128.6 ps                 _937_: NAND2X1_410/Y -> OAI21X1_454/A
   2270.7 ps                 _990_: OAI21X1_454/Y ->   AND2X2_24/A
   2382.9 ps                 _992_:   AND2X2_24/Y -> OAI21X1_463/A
   2470.8 ps                _1029_: OAI21X1_463/Y ->  NAND3X1_27/C
   2552.5 ps                _1030_:  NAND3X1_27/Y -> AOI21X1_163/B
   2624.3 ps               _1__47_: AOI21X1_163/Y -> DFFPOSX1_48/D

   setup at destination = 190.848

Path input pin operand_B[1] to DFFPOSX1_44/D delay 2799.48 ps
      1.0 ps          operand_B[1]:               ->   BUFX4_187/A
    177.6 ps  operand_B_1_bF_buf9_:   BUFX4_187/Y ->     INVX8_1/A
    276.1 ps                _2461_:     INVX8_1/Y ->    BUFX4_66/A
    476.7 ps       _2461__bF_buf10:    BUFX4_66/Y ->   NOR2X1_15/A
    644.4 ps                _2482_:   NOR2X1_15/Y ->   AOI21X1_6/C
    772.5 ps                _2524_:   AOI21X1_6/Y ->   OAI21X1_9/A
    930.4 ps                _2650_:   OAI21X1_9/Y ->   AOI21X1_9/A
   1188.1 ps                _2801_:   AOI21X1_9/Y ->  OAI21X1_19/A
   1450.1 ps                _2872_:  OAI21X1_19/Y ->  AOI21X1_47/B
   1680.9 ps                _3408_:  AOI21X1_47/Y -> OAI21X1_359/A
   1876.4 ps                 _673_: OAI21X1_359/Y ->   INVX1_155/A
   2012.5 ps                 _676_:   INVX1_155/Y -> OAI21X1_392/A
   2170.9 ps                 _786_: OAI21X1_392/Y -> NAND2X1_389/B
   2262.8 ps                 _833_: NAND2X1_389/Y -> OAI21X1_408/C
   2373.3 ps                 _834_: OAI21X1_408/Y -> AOI21X1_132/B
   2453.7 ps                 _835_: AOI21X1_132/Y -> OAI21X1_409/C
   2528.2 ps                 _836_: OAI21X1_409/Y -> AOI21X1_137/A
   2609.0 ps               _1__43_: AOI21X1_137/Y -> DFFPOSX1_44/D

   setup at destination = 190.519

Path input pin operand_B[1] to DFFPOSX1_47/D delay 2799.25 ps
      1.0 ps          operand_B[1]:               ->   BUFX4_187/A
    177.6 ps  operand_B_1_bF_buf9_:   BUFX4_187/Y ->     INVX8_1/A
    276.1 ps                _2461_:     INVX8_1/Y ->    BUFX4_66/A
    476.5 ps       _2461__bF_buf10:    BUFX4_66/Y -> NAND2X1_194/B
    624.5 ps                   _4_: NAND2X1_194/Y -> OAI21X1_156/C
    790.1 ps                  _25_: OAI21X1_156/Y ->  AOI21X1_51/B
    958.3 ps                  _31_:  AOI21X1_51/Y -> OAI21X1_160/A
   1167.0 ps                  _38_: OAI21X1_160/Y ->  AOI21X1_55/B
   1417.4 ps                  _59_:  AOI21X1_55/Y -> OAI21X1_168/A
   1602.6 ps                  _69_: OAI21X1_168/Y -> AOI21X1_113/B
   1818.6 ps                 _689_: AOI21X1_113/Y -> OAI21X1_422/A
   1996.7 ps                 _884_: OAI21X1_422/Y -> NAND2X1_410/B
   2128.6 ps                 _937_: NAND2X1_410/Y -> OAI21X1_454/A
   2270.7 ps                 _990_: OAI21X1_454/Y ->   AND2X2_24/A
   2382.9 ps                 _992_:   AND2X2_24/Y ->  NOR2X1_234/B
   2451.7 ps                 _993_:  NOR2X1_234/Y -> AOI21X1_157/B
   2541.5 ps                _1016_: AOI21X1_157/Y -> AOI21X1_158/B
   2608.1 ps               _1__46_: AOI21X1_158/Y -> DFFPOSX1_47/D

   setup at destination = 191.189

Path input pin operand_B[1] to DFFPOSX1_58/D delay 2790.2 ps
      1.0 ps          operand_B[1]:               ->   BUFX4_187/A
    177.6 ps  operand_B_1_bF_buf9_:   BUFX4_187/Y ->     INVX8_1/A
    276.1 ps                _2461_:     INVX8_1/Y ->    BUFX4_66/A
    476.7 ps       _2461__bF_buf10:    BUFX4_66/Y ->   NOR2X1_15/A
    644.4 ps                _2482_:   NOR2X1_15/Y ->   AOI21X1_6/C
    772.5 ps                _2524_:   AOI21X1_6/Y ->   OAI21X1_9/A
    930.4 ps                _2650_:   OAI21X1_9/Y ->   AOI21X1_9/A
   1188.1 ps                _2801_:   AOI21X1_9/Y ->  OAI21X1_19/A
   1450.1 ps                _2872_:  OAI21X1_19/Y ->  AOI21X1_47/B
   1681.0 ps                _3408_:  AOI21X1_47/Y -> OAI21X1_472/A
   1938.1 ps                _1074_: OAI21X1_472/Y -> AOI21X1_217/B
   2133.7 ps                _1410_: AOI21X1_217/Y ->  NOR2X1_308/B
   2258.4 ps                _1413_:  NOR2X1_308/Y ->  NOR2X1_321/B
   2375.8 ps                _1457_:  NOR2X1_321/Y -> AOI21X1_224/B
   2456.1 ps                _1458_: AOI21X1_224/Y -> OAI21X1_572/C
   2531.4 ps                _1459_: OAI21X1_572/Y -> AOI21X1_231/B
   2599.1 ps               _1__57_: AOI21X1_231/Y -> DFFPOSX1_58/D

   setup at destination = 191.136

Path input pin operand_B[1] to DFFPOSX1_53/D delay 2774.25 ps
      1.0 ps          operand_B[1]:               ->   BUFX4_187/A
    177.6 ps  operand_B_1_bF_buf9_:   BUFX4_187/Y ->     INVX8_1/A
    276.1 ps                _2461_:     INVX8_1/Y ->    BUFX4_66/A
    476.7 ps       _2461__bF_buf10:    BUFX4_66/Y ->   NOR2X1_15/A
    644.4 ps                _2482_:   NOR2X1_15/Y ->   AOI21X1_6/C
    772.5 ps                _2524_:   AOI21X1_6/Y ->   OAI21X1_9/A
    930.4 ps                _2650_:   OAI21X1_9/Y ->   AOI21X1_9/A
   1188.1 ps                _2801_:   AOI21X1_9/Y ->  OAI21X1_19/A
   1450.1 ps                _2872_:  OAI21X1_19/Y ->  AOI21X1_47/B
   1681.0 ps                _3408_:  AOI21X1_47/Y -> OAI21X1_472/A
   1937.9 ps                _1074_: OAI21X1_472/Y -> AOI21X1_191/B
   2095.0 ps                _1245_: AOI21X1_191/Y ->  NOR2X1_279/B
   2209.4 ps                _1248_:  NOR2X1_279/Y ->  NOR2X1_280/B
   2283.1 ps                _1249_:  NOR2X1_280/Y -> OAI21X1_519/C
   2356.1 ps                _1250_: OAI21X1_519/Y ->  NAND3X1_31/C
   2441.1 ps                _1260_:  NAND3X1_31/Y -> OAI21X1_529/A
   2524.2 ps                _1280_: OAI21X1_529/Y -> OAI21X1_530/C
   2583.5 ps               _1__52_: OAI21X1_530/Y -> DFFPOSX1_53/D

   setup at destination = 190.746

Path input pin operand_B[1] to DFFPOSX1_54/D delay 2749.63 ps
      1.0 ps          operand_B[1]:               ->   BUFX4_187/A
    177.6 ps  operand_B_1_bF_buf9_:   BUFX4_187/Y ->     INVX8_1/A
    276.1 ps                _2461_:     INVX8_1/Y ->    BUFX4_66/A
    476.7 ps       _2461__bF_buf10:    BUFX4_66/Y ->   NOR2X1_15/A
    644.4 ps                _2482_:   NOR2X1_15/Y ->   AOI21X1_6/C
    772.5 ps                _2524_:   AOI21X1_6/Y ->   OAI21X1_9/A
    930.4 ps                _2650_:   OAI21X1_9/Y ->   AOI21X1_9/A
   1188.1 ps                _2801_:   AOI21X1_9/Y ->  OAI21X1_19/A
   1450.1 ps                _2872_:  OAI21X1_19/Y ->  AOI21X1_47/B
   1681.0 ps                _3408_:  AOI21X1_47/Y -> OAI21X1_472/A
   1937.9 ps                _1074_: OAI21X1_472/Y -> AOI21X1_191/B
   2095.0 ps                _1245_: AOI21X1_191/Y ->  NOR2X1_279/B
   2209.4 ps                _1248_:  NOR2X1_279/Y ->  NOR2X1_286/B
   2325.2 ps                _1286_:  NOR2X1_286/Y -> AOI21X1_195/B
   2405.8 ps                _1287_: AOI21X1_195/Y -> OAI21X1_531/C
   2481.7 ps                _1288_: OAI21X1_531/Y -> AOI21X1_198/A
   2559.0 ps               _1__53_: AOI21X1_198/Y -> DFFPOSX1_54/D

   setup at destination = 190.684

Path input pin operand_B[1] to DFFPOSX1_61/D delay 2735.15 ps
      1.0 ps          operand_B[1]:               ->   BUFX4_187/A
    177.6 ps  operand_B_1_bF_buf9_:   BUFX4_187/Y ->     INVX8_1/A
    276.1 ps                _2461_:     INVX8_1/Y ->    BUFX4_66/A
    476.5 ps       _2461__bF_buf10:    BUFX4_66/Y -> NAND2X1_194/B
    624.5 ps                   _4_: NAND2X1_194/Y -> OAI21X1_156/C
    790.1 ps                  _25_: OAI21X1_156/Y ->  AOI21X1_51/B
    958.3 ps                  _31_:  AOI21X1_51/Y -> OAI21X1_160/A
   1167.0 ps                  _38_: OAI21X1_160/Y ->  AOI21X1_55/B
   1417.4 ps                  _59_:  AOI21X1_55/Y -> OAI21X1_168/A
   1602.6 ps                  _69_: OAI21X1_168/Y -> AOI21X1_166/B
   1838.3 ps                _1095_: AOI21X1_166/Y -> OAI21X1_565/A
   2026.2 ps                _1427_: OAI21X1_565/Y -> AOI21X1_251/B
   2223.6 ps                _1595_: AOI21X1_251/Y -> OAI21X1_602/A
   2330.2 ps                _1596_: OAI21X1_602/Y -> AOI21X1_252/C
   2402.4 ps                _1597_: AOI21X1_252/Y ->  NOR2X1_352/B
   2477.5 ps                _1619_:  NOR2X1_352/Y -> AOI21X1_257/B
   2543.9 ps               _1__60_: AOI21X1_257/Y -> DFFPOSX1_61/D

   setup at destination = 191.235

Path input pin operand_B[1] to DFFPOSX1_59/D delay 2729.4 ps
      1.0 ps          operand_B[1]:               ->   BUFX4_187/A
    177.6 ps  operand_B_1_bF_buf9_:   BUFX4_187/Y ->     INVX8_1/A
    276.1 ps                _2461_:     INVX8_1/Y ->    BUFX4_66/A
    476.7 ps       _2461__bF_buf10:    BUFX4_66/Y ->   NOR2X1_15/A
    644.4 ps                _2482_:   NOR2X1_15/Y ->   AOI21X1_6/C
    772.5 ps                _2524_:   AOI21X1_6/Y ->   OAI21X1_9/A
    930.4 ps                _2650_:   OAI21X1_9/Y ->   AOI21X1_9/A
   1188.1 ps                _2801_:   AOI21X1_9/Y ->  OAI21X1_19/A
   1450.1 ps                _2872_:  OAI21X1_19/Y ->  AOI21X1_47/B
   1681.0 ps                _3408_:  AOI21X1_47/Y -> OAI21X1_472/A
   1938.1 ps                _1074_: OAI21X1_472/Y -> AOI21X1_217/B
   2133.8 ps                _1410_: AOI21X1_217/Y -> OAI21X1_582/A
   2301.1 ps                _1501_: OAI21X1_582/Y -> AOI21X1_233/B
   2388.4 ps                _1502_: AOI21X1_233/Y -> OAI21X1_583/C
   2462.2 ps                _1503_: OAI21X1_583/Y -> AOI21X1_239/A
   2538.7 ps               _1__58_: AOI21X1_239/Y -> DFFPOSX1_59/D

   setup at destination = 190.745

Path input pin operand_B[1] to DFFPOSX1_52/D delay 2723.71 ps
      1.0 ps          operand_B[1]:               ->   BUFX4_187/A
    177.6 ps  operand_B_1_bF_buf9_:   BUFX4_187/Y ->     INVX8_1/A
    276.1 ps                _2461_:     INVX8_1/Y ->    BUFX4_66/A
    476.7 ps       _2461__bF_buf10:    BUFX4_66/Y ->   NOR2X1_15/A
    644.4 ps                _2482_:   NOR2X1_15/Y ->   AOI21X1_6/C
    772.5 ps                _2524_:   AOI21X1_6/Y ->   OAI21X1_9/A
    930.4 ps                _2650_:   OAI21X1_9/Y ->   AOI21X1_9/A
   1188.1 ps                _2801_:   AOI21X1_9/Y ->  OAI21X1_19/A
   1450.1 ps                _2872_:  OAI21X1_19/Y ->  AOI21X1_47/B
   1681.0 ps                _3408_:  AOI21X1_47/Y -> OAI21X1_472/A
   1937.5 ps                _1074_: OAI21X1_472/Y -> AOI21X1_176/B
   2112.5 ps                _1166_: AOI21X1_176/Y ->  NOR2X1_272/B
   2200.0 ps                _1207_:  NOR2X1_272/Y ->  NOR2X1_273/B
   2309.1 ps                _1208_:  NOR2X1_273/Y -> AOI21X1_186/B
   2388.9 ps                _1209_: AOI21X1_186/Y -> OAI21X1_509/C
   2464.2 ps                _1210_: OAI21X1_509/Y -> AOI21X1_190/B
   2532.6 ps               _1__51_: AOI21X1_190/Y -> DFFPOSX1_52/D

   setup at destination = 191.076

Path input pin operand_B[1] to DFFPOSX1_40/D delay 2709.19 ps
      1.0 ps          operand_B[1]:               ->   BUFX4_187/A
    177.6 ps  operand_B_1_bF_buf9_:   BUFX4_187/Y ->     INVX8_1/A
    276.1 ps                _2461_:     INVX8_1/Y ->    BUFX4_66/A
    476.7 ps       _2461__bF_buf10:    BUFX4_66/Y ->   NOR2X1_15/A
    644.4 ps                _2482_:   NOR2X1_15/Y ->   AOI21X1_6/C
    772.5 ps                _2524_:   AOI21X1_6/Y ->   OAI21X1_9/A
    930.4 ps                _2650_:   OAI21X1_9/Y ->   AOI21X1_9/A
   1188.1 ps                _2801_:   AOI21X1_9/Y ->  OAI21X1_19/A
   1450.1 ps                _2872_:  OAI21X1_19/Y ->  AOI21X1_47/B
   1681.0 ps                _3408_:  AOI21X1_47/Y -> OAI21X1_284/A
   1834.1 ps                 _429_: OAI21X1_284/Y ->    INVX2_64/A
   1938.5 ps                 _430_:    INVX2_64/Y -> OAI21X1_328/A
   2090.9 ps                 _569_: OAI21X1_328/Y -> NAND2X1_356/B
   2182.3 ps                 _622_: NAND2X1_356/Y -> OAI21X1_346/C
   2295.3 ps                 _623_: OAI21X1_346/Y -> AOI21X1_102/B
   2376.5 ps                 _624_: AOI21X1_102/Y -> OAI21X1_347/C
   2450.1 ps                 _625_: OAI21X1_347/Y -> AOI21X1_110/B
   2518.0 ps               _1__39_: AOI21X1_110/Y -> DFFPOSX1_40/D

   setup at destination = 191.225

Path input pin operand_B[1] to DFFPOSX1_55/D delay 2704.48 ps
      1.0 ps          operand_B[1]:               ->   BUFX4_187/A
    177.6 ps  operand_B_1_bF_buf9_:   BUFX4_187/Y ->     INVX8_1/A
    276.1 ps                _2461_:     INVX8_1/Y ->    BUFX4_66/A
    476.5 ps       _2461__bF_buf10:    BUFX4_66/Y -> NAND2X1_194/B
    624.5 ps                   _4_: NAND2X1_194/Y -> OAI21X1_156/C
    790.1 ps                  _25_: OAI21X1_156/Y ->  AOI21X1_51/B
    958.3 ps                  _31_:  AOI21X1_51/Y -> OAI21X1_160/A
   1167.0 ps                  _38_: OAI21X1_160/Y ->  AOI21X1_55/B
   1417.4 ps                  _59_:  AOI21X1_55/Y -> OAI21X1_168/A
   1602.6 ps                  _69_: OAI21X1_168/Y -> AOI21X1_166/B
   1838.2 ps                _1095_: AOI21X1_166/Y -> OAI21X1_521/A
   2051.4 ps                _1256_: OAI21X1_521/Y -> AOI21X1_201/B
   2197.9 ps                _1331_: AOI21X1_201/Y ->   INVX1_225/A
   2280.3 ps                _1334_:   INVX1_225/Y -> AOI21X1_202/B
   2363.0 ps                _1335_: AOI21X1_202/Y -> AOI21X1_207/B
   2447.3 ps                _1355_: AOI21X1_207/Y -> AOI21X1_208/B
   2513.2 ps               _1__54_: AOI21X1_208/Y -> DFFPOSX1_55/D

   setup at destination = 191.294

Path input pin operand_B[1] to DFFPOSX1_46/D delay 2697.93 ps
      1.0 ps          operand_B[1]:               ->   BUFX4_187/A
    177.6 ps  operand_B_1_bF_buf9_:   BUFX4_187/Y ->     INVX8_1/A
    276.1 ps                _2461_:     INVX8_1/Y ->    BUFX4_66/A
    476.5 ps       _2461__bF_buf10:    BUFX4_66/Y -> NAND2X1_194/B
    624.5 ps                   _4_: NAND2X1_194/Y -> OAI21X1_156/C
    790.1 ps                  _25_: OAI21X1_156/Y ->  AOI21X1_51/B
    958.3 ps                  _31_:  AOI21X1_51/Y -> OAI21X1_160/A
   1167.0 ps                  _38_: OAI21X1_160/Y ->  AOI21X1_55/B
   1417.4 ps                  _59_:  AOI21X1_55/Y -> OAI21X1_168/A
   1602.6 ps                  _69_: OAI21X1_168/Y -> AOI21X1_113/B
   1818.6 ps                 _689_: AOI21X1_113/Y -> OAI21X1_422/A
   1996.7 ps                 _884_: OAI21X1_422/Y -> NAND2X1_410/B
   2128.6 ps                 _937_: NAND2X1_410/Y -> OAI21X1_438/C
   2240.2 ps                 _938_: OAI21X1_438/Y ->  XNOR2X1_34/A
   2354.4 ps                 _939_:  XNOR2X1_34/Y -> AOI21X1_150/B
   2439.6 ps                 _974_: AOI21X1_150/Y -> AOI21X1_151/B
   2506.7 ps               _1__45_: AOI21X1_151/Y -> DFFPOSX1_46/D

   setup at destination = 191.202

Path input pin operand_B[1] to DFFPOSX1_62/D delay 2694.1 ps
      1.0 ps          operand_B[1]:               ->   BUFX4_187/A
    177.6 ps  operand_B_1_bF_buf9_:   BUFX4_187/Y ->     INVX8_1/A
    276.1 ps                _2461_:     INVX8_1/Y ->    BUFX4_66/A
    476.5 ps       _2461__bF_buf10:    BUFX4_66/Y -> NAND2X1_194/B
    624.5 ps                   _4_: NAND2X1_194/Y -> OAI21X1_156/C
    790.1 ps                  _25_: OAI21X1_156/Y ->  AOI21X1_51/B
    958.3 ps                  _31_:  AOI21X1_51/Y -> OAI21X1_160/A
   1167.0 ps                  _38_: OAI21X1_160/Y ->  AOI21X1_55/B
   1417.4 ps                  _59_:  AOI21X1_55/Y -> OAI21X1_168/A
   1602.6 ps                  _69_: OAI21X1_168/Y -> AOI21X1_166/B
   1838.3 ps                _1095_: AOI21X1_166/Y -> OAI21X1_565/A
   2026.2 ps                _1427_: OAI21X1_565/Y -> AOI21X1_251/B
   2223.2 ps                _1595_: AOI21X1_251/Y -> OAI21X1_609/A
   2335.1 ps                _1631_: OAI21X1_609/Y -> AOI21X1_262/B
   2426.8 ps                _1663_: AOI21X1_262/Y -> AOI21X1_263/A
   2503.4 ps               _1__61_: AOI21X1_263/Y -> DFFPOSX1_62/D

   setup at destination = 190.713

Path input pin operand_B[1] to DFFPOSX1_57/D delay 2678.75 ps
      1.0 ps          operand_B[1]:               ->   BUFX4_187/A
    177.6 ps  operand_B_1_bF_buf9_:   BUFX4_187/Y ->     INVX8_1/A
    276.1 ps                _2461_:     INVX8_1/Y ->    BUFX4_66/A
    476.7 ps       _2461__bF_buf10:    BUFX4_66/Y ->   NOR2X1_15/A
    644.4 ps                _2482_:   NOR2X1_15/Y ->   AOI21X1_6/C
    772.5 ps                _2524_:   AOI21X1_6/Y ->   OAI21X1_9/A
    930.4 ps                _2650_:   OAI21X1_9/Y ->   AOI21X1_9/A
   1188.1 ps                _2801_:   AOI21X1_9/Y ->  OAI21X1_19/A
   1450.1 ps                _2872_:  OAI21X1_19/Y ->  AOI21X1_47/B
   1681.0 ps                _3408_:  AOI21X1_47/Y -> OAI21X1_472/A
   1938.1 ps                _1074_: OAI21X1_472/Y -> AOI21X1_217/B
   2133.7 ps                _1410_: AOI21X1_217/Y ->  NOR2X1_308/B
   2258.4 ps                _1413_:  NOR2X1_308/Y ->  NOR2X1_309/B
   2330.1 ps                _1414_:  NOR2X1_309/Y -> OAI21X1_564/C
   2410.6 ps                _1415_: OAI21X1_564/Y -> AOI21X1_223/A
   2488.1 ps               _1__56_: AOI21X1_223/Y -> DFFPOSX1_57/D

   setup at destination = 190.637

Path input pin operand_B[1] to DFFPOSX1_39/D delay 2659.35 ps
      1.0 ps          operand_B[1]:               ->   BUFX4_187/A
    177.6 ps  operand_B_1_bF_buf9_:   BUFX4_187/Y ->     INVX8_1/A
    276.1 ps                _2461_:     INVX8_1/Y ->    BUFX4_66/A
    476.7 ps       _2461__bF_buf10:    BUFX4_66/Y ->   NOR2X1_15/A
    644.4 ps                _2482_:   NOR2X1_15/Y ->   AOI21X1_6/C
    772.5 ps                _2524_:   AOI21X1_6/Y ->   OAI21X1_9/A
    930.4 ps                _2650_:   OAI21X1_9/Y ->   AOI21X1_9/A
   1188.1 ps                _2801_:   AOI21X1_9/Y ->  OAI21X1_19/A
   1450.1 ps                _2872_:  OAI21X1_19/Y ->  AOI21X1_47/B
   1681.0 ps                _3408_:  AOI21X1_47/Y -> OAI21X1_284/A
   1834.1 ps                 _429_: OAI21X1_284/Y ->    INVX2_64/A
   1938.5 ps                 _430_:    INVX2_64/Y -> OAI21X1_328/A
   2090.9 ps                 _569_: OAI21X1_328/Y ->  AOI21X1_97/B
   2176.6 ps                 _570_:  AOI21X1_97/Y -> OAI21X1_329/C
   2241.9 ps                 _571_: OAI21X1_329/Y -> NAND2X1_345/A
   2321.2 ps                 _581_: NAND2X1_345/Y -> OAI21X1_344/A
   2408.5 ps                 _614_: OAI21X1_344/Y -> OAI21X1_345/C
   2468.7 ps               _1__38_: OAI21X1_345/Y -> DFFPOSX1_39/D

   setup at destination = 190.684

Path input pin operand_B[1] to DFFPOSX1_50/D delay 2628.31 ps
      1.0 ps          operand_B[1]:               ->   BUFX4_187/A
    177.6 ps  operand_B_1_bF_buf9_:   BUFX4_187/Y ->     INVX8_1/A
    276.1 ps                _2461_:     INVX8_1/Y ->    BUFX4_66/A
    476.7 ps       _2461__bF_buf10:    BUFX4_66/Y ->   NOR2X1_15/A
    644.4 ps                _2482_:   NOR2X1_15/Y ->   AOI21X1_6/C
    772.5 ps                _2524_:   AOI21X1_6/Y ->   OAI21X1_9/A
    930.4 ps                _2650_:   OAI21X1_9/Y ->   AOI21X1_9/A
   1188.1 ps                _2801_:   AOI21X1_9/Y ->  OAI21X1_19/A
   1450.1 ps                _2872_:  OAI21X1_19/Y ->  AOI21X1_47/B
   1681.0 ps                _3408_:  AOI21X1_47/Y -> OAI21X1_472/A
   1936.9 ps                _1074_: OAI21X1_472/Y ->   AND2X2_26/A
   2111.8 ps                _1075_:   AND2X2_26/Y ->  NOR2X1_259/B
   2215.4 ps                _1127_:  NOR2X1_259/Y -> AOI21X1_171/B
   2294.7 ps                _1128_: AOI21X1_171/Y -> OAI21X1_488/C
   2370.3 ps                _1129_: OAI21X1_488/Y -> AOI21X1_174/B
   2437.1 ps               _1__49_: AOI21X1_174/Y -> DFFPOSX1_50/D

   setup at destination = 191.195

-----------------------------------------

Number of paths analyzed:  131

Top 20 minimum delay paths:
Path input pin alu_op[3] to DFFSR_1/D delay 59.3729 ps
      0.2 ps  alu_op[3]:               -> OAI21X1_636/C
     45.5 ps        _0_: OAI21X1_636/Y ->     DFFSR_1/D

   hold at destination = 13.8959

Path input pin reset to DFFSR_1/R delay 80.2414 ps
      0.0 ps  reset:             -> INVX1_330/A
     69.9 ps    _2_: INVX1_330/Y ->   DFFSR_1/R

   hold at destination = 10.3066

Path input pin alu_op[0] to DFFPOSX1_1/D delay 193.986 ps
      1.5 ps  alu_op[0]:               -> AOI21X1_295/C
     53.6 ps     _1942_: AOI21X1_295/Y -> OAI21X1_675/A
    126.0 ps     _1945_: OAI21X1_675/Y ->  AOI22X1_31/C
    196.8 ps     _1__0_:  AOI22X1_31/Y ->  DFFPOSX1_1/D

   hold at destination = -2.85146

Path input pin clk to DFFSR_1/CLK delay 223.808 ps
     24.0 ps          clk:             -> CLKBUF1_6/A
    212.0 ps  clk_bF_buf2: CLKBUF1_6/Y ->   DFFSR_1/CLK

   hold at destination = 11.828

Path input pin operand_A[63] to DFFPOSX1_64/D delay 232.023 ps
      7.1 ps  operand_A[63]:               -> NAND2X1_527/A
     59.0 ps         _1722_: NAND2X1_527/Y ->  NAND3X1_41/A
    115.2 ps         _1738_:  NAND3X1_41/Y -> AOI21X1_275/C
    179.9 ps         _1739_: AOI21X1_275/Y -> AOI21X1_276/B
    236.0 ps        _1__63_: AOI21X1_276/Y -> DFFPOSX1_64/D

   hold at destination = -3.95514

Path input pin operand_B[22] to DFFPOSX1_24/D delay 237.067 ps
      1.0 ps  operand_B[22]:               -> OAI21X1_906/A
    111.2 ps         _2652_: OAI21X1_906/Y -> OAI21X1_907/B
    177.9 ps         _2654_: OAI21X1_907/Y ->  AOI22X1_54/D
    240.5 ps        _1__23_:  AOI22X1_54/Y -> DFFPOSX1_24/D

   hold at destination = -3.48258

Path input pin operand_A[5] to DFFPOSX1_6/D delay 241.941 ps
      6.2 ps  operand_A[5]:               ->  NAND3X1_60/B
     68.0 ps        _2199_:  NAND3X1_60/Y ->  NAND3X1_61/B
    126.1 ps        _2200_:  NAND3X1_61/Y -> OAI21X1_766/B
    201.9 ps        _2227_: OAI21X1_766/Y -> OAI21X1_767/C
    246.3 ps        _1__5_: OAI21X1_767/Y ->  DFFPOSX1_6/D

   hold at destination = -4.336

Path input pin operand_B[24] to DFFPOSX1_25/D delay 242.299 ps
      1.8 ps  operand_B[24]:               -> OAI21X1_913/B
     67.7 ps         _2678_: OAI21X1_913/Y ->  NAND3X1_72/A
    122.7 ps         _2680_:  NAND3X1_72/Y ->  NOR2X1_499/B
    189.0 ps         _2681_:  NOR2X1_499/Y -> AOI21X1_398/B
    246.2 ps        _1__24_: AOI21X1_398/Y -> DFFPOSX1_25/D

   hold at destination = -3.86989

Path input pin clk to DFFPOSX1_17/CLK delay 248.986 ps
     26.1 ps          clk:             ->   CLKBUF1_2/A
    210.2 ps  clk_bF_buf6: CLKBUF1_2/Y -> DFFPOSX1_17/CLK

   hold at destination = 38.7707

Path input pin clk to DFFPOSX1_11/CLK delay 249.02 ps
     26.1 ps          clk:             ->   CLKBUF1_2/A
    210.2 ps  clk_bF_buf6: CLKBUF1_2/Y -> DFFPOSX1_11/CLK

   hold at destination = 38.7707

Path input pin clk to DFFPOSX1_12/CLK delay 249.068 ps
     26.1 ps          clk:             ->   CLKBUF1_2/A
    210.3 ps  clk_bF_buf6: CLKBUF1_2/Y -> DFFPOSX1_12/CLK

   hold at destination = 38.7707

Path input pin clk to DFFPOSX1_18/CLK delay 249.112 ps
     26.1 ps          clk:             ->   CLKBUF1_2/A
    210.3 ps  clk_bF_buf6: CLKBUF1_2/Y -> DFFPOSX1_18/CLK

   hold at destination = 38.7707

Path input pin clk to DFFPOSX1_9/CLK delay 249.188 ps
     26.1 ps          clk:             ->  CLKBUF1_2/A
    210.4 ps  clk_bF_buf6: CLKBUF1_2/Y -> DFFPOSX1_9/CLK

   hold at destination = 38.7707

Path input pin clk to DFFPOSX1_54/CLK delay 249.247 ps
      5.9 ps          clk:             ->   CLKBUF1_4/A
    210.5 ps  clk_bF_buf4: CLKBUF1_4/Y -> DFFPOSX1_54/CLK

   hold at destination = 38.7501

Path input pin clk to DFFPOSX1_10/CLK delay 249.253 ps
     26.1 ps          clk:             ->   CLKBUF1_2/A
    210.5 ps  clk_bF_buf6: CLKBUF1_2/Y -> DFFPOSX1_10/CLK

   hold at destination = 38.7707

Path input pin clk to DFFPOSX1_56/CLK delay 249.259 ps
      5.9 ps          clk:             ->   CLKBUF1_4/A
    210.5 ps  clk_bF_buf4: CLKBUF1_4/Y -> DFFPOSX1_56/CLK

   hold at destination = 38.7501

Path input pin clk to DFFPOSX1_16/CLK delay 249.282 ps
     26.1 ps          clk:             ->   CLKBUF1_2/A
    210.5 ps  clk_bF_buf6: CLKBUF1_2/Y -> DFFPOSX1_16/CLK

   hold at destination = 38.7707

Path input pin clk to DFFPOSX1_15/CLK delay 249.342 ps
     26.1 ps          clk:             ->   CLKBUF1_2/A
    210.6 ps  clk_bF_buf6: CLKBUF1_2/Y -> DFFPOSX1_15/CLK

   hold at destination = 38.7707

Path input pin clk to DFFPOSX1_32/CLK delay 249.573 ps
     19.0 ps          clk:             ->   CLKBUF1_3/A
    210.8 ps  clk_bF_buf5: CLKBUF1_3/Y -> DFFPOSX1_32/CLK

   hold at destination = 38.7541

Path input pin clk to DFFPOSX1_22/CLK delay 249.737 ps
     24.0 ps          clk:             ->   CLKBUF1_6/A
    211.0 ps  clk_bF_buf2: CLKBUF1_6/Y -> DFFPOSX1_22/CLK

   hold at destination = 38.7857

-----------------------------------------

