
Cell BUFX4 disconnected node: A
Cell BUFX4 disconnected node: gnd
Cell BUFX4 disconnected node: Y
Cell BUFX4 disconnected node: vdd

Subcircuit pins:
Circuit 1: BUFX4                           |Circuit 2: BUFX4                           
-------------------------------------------|-------------------------------------------
A                                          |A                                          
gnd                                        |gnd                                        
Y                                          |Y                                          
vdd                                        |vdd                                        
---------------------------------------------------------------------------------------
Cell pin lists are equivalent.
Device classes BUFX4 and BUFX4 are equivalent.

Cell CLKBUF1 disconnected node: A
Cell CLKBUF1 disconnected node: gnd
Cell CLKBUF1 disconnected node: Y
Cell CLKBUF1 disconnected node: vdd

Subcircuit pins:
Circuit 1: CLKBUF1                         |Circuit 2: CLKBUF1                         
-------------------------------------------|-------------------------------------------
A                                          |A                                          
gnd                                        |gnd                                        
Y                                          |Y                                          
vdd                                        |vdd                                        
---------------------------------------------------------------------------------------
Cell pin lists are equivalent.
Device classes CLKBUF1 and CLKBUF1 are equivalent.

Cell XNOR2X1 disconnected node: A
Cell XNOR2X1 disconnected node: B
Cell XNOR2X1 disconnected node: gnd
Cell XNOR2X1 disconnected node: Y
Cell XNOR2X1 disconnected node: vdd

Subcircuit pins:
Circuit 1: XNOR2X1                         |Circuit 2: XNOR2X1                         
-------------------------------------------|-------------------------------------------
A                                          |A                                          
B                                          |B                                          
gnd                                        |gnd                                        
Y                                          |Y                                          
vdd                                        |vdd                                        
---------------------------------------------------------------------------------------
Cell pin lists are equivalent.
Device classes XNOR2X1 and XNOR2X1 are equivalent.

Cell INVX4 disconnected node: A
Cell INVX4 disconnected node: gnd
Cell INVX4 disconnected node: Y
Cell INVX4 disconnected node: vdd

Subcircuit pins:
Circuit 1: INVX4                           |Circuit 2: INVX4                           
-------------------------------------------|-------------------------------------------
A                                          |A                                          
gnd                                        |gnd                                        
Y                                          |Y                                          
vdd                                        |vdd                                        
---------------------------------------------------------------------------------------
Cell pin lists are equivalent.
Device classes INVX4 and INVX4 are equivalent.

Cell INVX2 disconnected node: A
Cell INVX2 disconnected node: gnd
Cell INVX2 disconnected node: Y
Cell INVX2 disconnected node: vdd

Subcircuit pins:
Circuit 1: INVX2                           |Circuit 2: INVX2                           
-------------------------------------------|-------------------------------------------
A                                          |A                                          
gnd                                        |gnd                                        
Y                                          |Y                                          
vdd                                        |vdd                                        
---------------------------------------------------------------------------------------
Cell pin lists are equivalent.
Device classes INVX2 and INVX2 are equivalent.

Cell NOR2X1 disconnected node: A
Cell NOR2X1 disconnected node: B
Cell NOR2X1 disconnected node: gnd
Cell NOR2X1 disconnected node: Y
Cell NOR2X1 disconnected node: vdd

Subcircuit pins:
Circuit 1: NOR2X1                          |Circuit 2: NOR2X1                          
-------------------------------------------|-------------------------------------------
A                                          |A                                          
B                                          |B                                          
gnd                                        |gnd                                        
Y                                          |Y                                          
vdd                                        |vdd                                        
---------------------------------------------------------------------------------------
Cell pin lists are equivalent.
Device classes NOR2X1 and NOR2X1 are equivalent.

Cell INVX1 disconnected node: A
Cell INVX1 disconnected node: gnd
Cell INVX1 disconnected node: Y
Cell INVX1 disconnected node: vdd

Subcircuit pins:
Circuit 1: INVX1                           |Circuit 2: INVX1                           
-------------------------------------------|-------------------------------------------
A                                          |A                                          
gnd                                        |gnd                                        
Y                                          |Y                                          
vdd                                        |vdd                                        
---------------------------------------------------------------------------------------
Cell pin lists are equivalent.
Device classes INVX1 and INVX1 are equivalent.

Cell NAND2X1 disconnected node: A
Cell NAND2X1 disconnected node: B
Cell NAND2X1 disconnected node: gnd
Cell NAND2X1 disconnected node: Y
Cell NAND2X1 disconnected node: vdd

Subcircuit pins:
Circuit 1: NAND2X1                         |Circuit 2: NAND2X1                         
-------------------------------------------|-------------------------------------------
A                                          |A                                          
B                                          |B                                          
gnd                                        |gnd                                        
Y                                          |Y                                          
vdd                                        |vdd                                        
---------------------------------------------------------------------------------------
Cell pin lists are equivalent.
Device classes NAND2X1 and NAND2X1 are equivalent.

Cell AOI21X1 disconnected node: A
Cell AOI21X1 disconnected node: B
Cell AOI21X1 disconnected node: C
Cell AOI21X1 disconnected node: gnd
Cell AOI21X1 disconnected node: Y
Cell AOI21X1 disconnected node: vdd

Subcircuit pins:
Circuit 1: AOI21X1                         |Circuit 2: AOI21X1                         
-------------------------------------------|-------------------------------------------
A                                          |A                                          
B                                          |B                                          
C                                          |C                                          
gnd                                        |gnd                                        
Y                                          |Y                                          
vdd                                        |vdd                                        
---------------------------------------------------------------------------------------
Cell pin lists are equivalent.
Device classes AOI21X1 and AOI21X1 are equivalent.

Cell XOR2X1 disconnected node: A
Cell XOR2X1 disconnected node: B
Cell XOR2X1 disconnected node: gnd
Cell XOR2X1 disconnected node: Y
Cell XOR2X1 disconnected node: vdd

Subcircuit pins:
Circuit 1: XOR2X1                          |Circuit 2: XOR2X1                          
-------------------------------------------|-------------------------------------------
A                                          |A                                          
B                                          |B                                          
gnd                                        |gnd                                        
Y                                          |Y                                          
vdd                                        |vdd                                        
---------------------------------------------------------------------------------------
Cell pin lists are equivalent.
Device classes XOR2X1 and XOR2X1 are equivalent.

Cell OAI21X1 disconnected node: A
Cell OAI21X1 disconnected node: B
Cell OAI21X1 disconnected node: C
Cell OAI21X1 disconnected node: gnd
Cell OAI21X1 disconnected node: Y
Cell OAI21X1 disconnected node: vdd

Subcircuit pins:
Circuit 1: OAI21X1                         |Circuit 2: OAI21X1                         
-------------------------------------------|-------------------------------------------
A                                          |A                                          
B                                          |B                                          
C                                          |C                                          
gnd                                        |gnd                                        
Y                                          |Y                                          
vdd                                        |vdd                                        
---------------------------------------------------------------------------------------
Cell pin lists are equivalent.
Device classes OAI21X1 and OAI21X1 are equivalent.

Cell AND2X2 disconnected node: A
Cell AND2X2 disconnected node: B
Cell AND2X2 disconnected node: gnd
Cell AND2X2 disconnected node: Y
Cell AND2X2 disconnected node: vdd

Subcircuit pins:
Circuit 1: AND2X2                          |Circuit 2: AND2X2                          
-------------------------------------------|-------------------------------------------
A                                          |A                                          
B                                          |B                                          
gnd                                        |gnd                                        
Y                                          |Y                                          
vdd                                        |vdd                                        
---------------------------------------------------------------------------------------
Cell pin lists are equivalent.
Device classes AND2X2 and AND2X2 are equivalent.

Cell INVX8 disconnected node: A
Cell INVX8 disconnected node: gnd
Cell INVX8 disconnected node: Y
Cell INVX8 disconnected node: vdd

Subcircuit pins:
Circuit 1: INVX8                           |Circuit 2: INVX8                           
-------------------------------------------|-------------------------------------------
A                                          |A                                          
gnd                                        |gnd                                        
Y                                          |Y                                          
vdd                                        |vdd                                        
---------------------------------------------------------------------------------------
Cell pin lists are equivalent.
Device classes INVX8 and INVX8 are equivalent.

Cell NAND3X1 disconnected node: A
Cell NAND3X1 disconnected node: B
Cell NAND3X1 disconnected node: C
Cell NAND3X1 disconnected node: gnd
Cell NAND3X1 disconnected node: Y
Cell NAND3X1 disconnected node: vdd

Subcircuit pins:
Circuit 1: NAND3X1                         |Circuit 2: NAND3X1                         
-------------------------------------------|-------------------------------------------
A                                          |A                                          
B                                          |B                                          
C                                          |C                                          
gnd                                        |gnd                                        
Y                                          |Y                                          
vdd                                        |vdd                                        
---------------------------------------------------------------------------------------
Cell pin lists are equivalent.
Device classes NAND3X1 and NAND3X1 are equivalent.

Cell OR2X2 disconnected node: A
Cell OR2X2 disconnected node: B
Cell OR2X2 disconnected node: gnd
Cell OR2X2 disconnected node: Y
Cell OR2X2 disconnected node: vdd

Subcircuit pins:
Circuit 1: OR2X2                           |Circuit 2: OR2X2                           
-------------------------------------------|-------------------------------------------
A                                          |A                                          
B                                          |B                                          
gnd                                        |gnd                                        
Y                                          |Y                                          
vdd                                        |vdd                                        
---------------------------------------------------------------------------------------
Cell pin lists are equivalent.
Device classes OR2X2 and OR2X2 are equivalent.

Cell AOI22X1 disconnected node: A
Cell AOI22X1 disconnected node: B
Cell AOI22X1 disconnected node: C
Cell AOI22X1 disconnected node: D
Cell AOI22X1 disconnected node: gnd
Cell AOI22X1 disconnected node: Y
Cell AOI22X1 disconnected node: vdd

Subcircuit pins:
Circuit 1: AOI22X1                         |Circuit 2: AOI22X1                         
-------------------------------------------|-------------------------------------------
A                                          |A                                          
B                                          |B                                          
C                                          |C                                          
D                                          |D                                          
gnd                                        |gnd                                        
Y                                          |Y                                          
vdd                                        |vdd                                        
---------------------------------------------------------------------------------------
Cell pin lists are equivalent.
Device classes AOI22X1 and AOI22X1 are equivalent.

Cell MUX2X1 disconnected node: A
Cell MUX2X1 disconnected node: B
Cell MUX2X1 disconnected node: S
Cell MUX2X1 disconnected node: gnd
Cell MUX2X1 disconnected node: Y
Cell MUX2X1 disconnected node: vdd

Subcircuit pins:
Circuit 1: MUX2X1                          |Circuit 2: MUX2X1                          
-------------------------------------------|-------------------------------------------
A                                          |A                                          
B                                          |B                                          
S                                          |S                                          
gnd                                        |gnd                                        
Y                                          |Y                                          
vdd                                        |vdd                                        
---------------------------------------------------------------------------------------
Cell pin lists are equivalent.
Device classes MUX2X1 and MUX2X1 are equivalent.

Cell OAI22X1 disconnected node: A
Cell OAI22X1 disconnected node: B
Cell OAI22X1 disconnected node: C
Cell OAI22X1 disconnected node: D
Cell OAI22X1 disconnected node: gnd
Cell OAI22X1 disconnected node: Y
Cell OAI22X1 disconnected node: vdd

Subcircuit pins:
Circuit 1: OAI22X1                         |Circuit 2: OAI22X1                         
-------------------------------------------|-------------------------------------------
A                                          |A                                          
B                                          |B                                          
C                                          |C                                          
D                                          |D                                          
gnd                                        |gnd                                        
Y                                          |Y                                          
vdd                                        |vdd                                        
---------------------------------------------------------------------------------------
Cell pin lists are equivalent.
Device classes OAI22X1 and OAI22X1 are equivalent.

Cell BUFX2 disconnected node: A
Cell BUFX2 disconnected node: gnd
Cell BUFX2 disconnected node: Y
Cell BUFX2 disconnected node: vdd

Subcircuit pins:
Circuit 1: BUFX2                           |Circuit 2: BUFX2                           
-------------------------------------------|-------------------------------------------
A                                          |A                                          
gnd                                        |gnd                                        
Y                                          |Y                                          
vdd                                        |vdd                                        
---------------------------------------------------------------------------------------
Cell pin lists are equivalent.
Device classes BUFX2 and BUFX2 are equivalent.

Cell DFFPOSX1 disconnected node: Q
Cell DFFPOSX1 disconnected node: CLK
Cell DFFPOSX1 disconnected node: D
Cell DFFPOSX1 disconnected node: gnd
Cell DFFPOSX1 disconnected node: vdd

Subcircuit pins:
Circuit 1: DFFPOSX1                        |Circuit 2: DFFPOSX1                        
-------------------------------------------|-------------------------------------------
Q                                          |Q                                          
CLK                                        |CLK                                        
D                                          |D                                          
gnd                                        |gnd                                        
vdd                                        |vdd                                        
---------------------------------------------------------------------------------------
Cell pin lists are equivalent.
Device classes DFFPOSX1 and DFFPOSX1 are equivalent.

Cell DFFSR disconnected node: Q
Cell DFFSR disconnected node: CLK
Cell DFFSR disconnected node: R
Cell DFFSR disconnected node: S
Cell DFFSR disconnected node: D
Cell DFFSR disconnected node: gnd
Cell DFFSR disconnected node: vdd

Subcircuit pins:
Circuit 1: DFFSR                           |Circuit 2: DFFSR                           
-------------------------------------------|-------------------------------------------
Q                                          |Q                                          
CLK                                        |CLK                                        
R                                          |R                                          
S                                          |S                                          
D                                          |D                                          
gnd                                        |gnd                                        
vdd                                        |vdd                                        
---------------------------------------------------------------------------------------
Cell pin lists are equivalent.
Device classes DFFSR and DFFSR are equivalent.

Subcircuit summary:
Circuit 1: ALU_64bit                       |Circuit 2: ALU_64bit                       
-------------------------------------------|-------------------------------------------
NAND2X1 (651)                              |NAND2X1 (651)                              
OAI21X1 (950)                              |OAI21X1 (950)                              
AND2X2 (75)                                |AND2X2 (75)                                
AOI21X1 (414)                              |AOI21X1 (414)                              
MUX2X1 (129)                               |MUX2X1 (129)                               
INVX1 (330)                                |INVX1 (330)                                
AOI22X1 (58)                               |AOI22X1 (58)                               
OAI22X1 (38)                               |OAI22X1 (38)                               
NOR2X1 (511)                               |NOR2X1 (511)                               
INVX2 (94)                                 |INVX2 (94)                                 
BUFX4 (196)                                |BUFX4 (196)                                
OR2X2 (49)                                 |OR2X2 (49)                                 
XNOR2X1 (49)                               |XNOR2X1 (49)                               
INVX8 (19)                                 |INVX8 (19)                                 
CLKBUF1 (8)                                |CLKBUF1 (8)                                
NAND3X1 (72)                               |NAND3X1 (72)                               
XOR2X1 (8)                                 |XOR2X1 (8)                                 
DFFPOSX1 (64)                              |DFFPOSX1 (64)                              
INVX4 (26)                                 |INVX4 (26)                                 
BUFX2 (67)                                 |BUFX2 (67)                                 
DFFSR (1)                                  |DFFSR (1)                                  
Number of devices: 3809                    |Number of devices: 3809                    
Number of nets: 3945                       |Number of nets: 3945                       
---------------------------------------------------------------------------------------
Netlists match uniquely.
Circuits match correctly.

Subcircuit pins:
Circuit 1: ALU_64bit                       |Circuit 2: ALU_64bit                       
-------------------------------------------|-------------------------------------------
reset                                      |reset                                      
carry_flag                                 |carry_flag                                 
overflow_flag                              |overflow_flag                              
result[0]                                  |result[0]                                  
result[1]                                  |result[1]                                  
result[4]                                  |result[4]                                  
result[5]                                  |result[5]                                  
result[8]                                  |result[8]                                  
result[9]                                  |result[9]                                  
result[10]                                 |result[10]                                 
result[16]                                 |result[16]                                 
result[11]                                 |result[11]                                 
result[17]                                 |result[17]                                 
result[18]                                 |result[18]                                 
result[19]                                 |result[19]                                 
result[22]                                 |result[22]                                 
result[26]                                 |result[26]                                 
result[23]                                 |result[23]                                 
result[27]                                 |result[27]                                 
result[25]                                 |result[25]                                 
result[12]                                 |result[12]                                 
result[21]                                 |result[21]                                 
result[54]                                 |result[54]                                 
result[41]                                 |result[41]                                 
result[30]                                 |result[30]                                 
result[29]                                 |result[29]                                 
result[14]                                 |result[14]                                 
result[20]                                 |result[20]                                 
result[40]                                 |result[40]                                 
result[7]                                  |result[7]                                  
result[36]                                 |result[36]                                 
result[52]                                 |result[52]                                 
result[24]                                 |result[24]                                 
result[28]                                 |result[28]                                 
result[38]                                 |result[38]                                 
result[2]                                  |result[2]                                  
result[59]                                 |result[59]                                 
result[61]                                 |result[61]                                 
result[63]                                 |result[63]                                 
result[13]                                 |result[13]                                 
result[15]                                 |result[15]                                 
result[32]                                 |result[32]                                 
result[34]                                 |result[34]                                 
result[39]                                 |result[39]                                 
result[44]                                 |result[44]                                 
result[46]                                 |result[46]                                 
result[42]                                 |result[42]                                 
result[48]                                 |result[48]                                 
result[50]                                 |result[50]                                 
result[3]                                  |result[3]                                  
result[55]                                 |result[55]                                 
result[58]                                 |result[58]                                 
result[60]                                 |result[60]                                 
result[62]                                 |result[62]                                 
result[6]                                  |result[6]                                  
result[31]                                 |result[31]                                 
result[35]                                 |result[35]                                 
result[33]                                 |result[33]                                 
result[37]                                 |result[37]                                 
result[45]                                 |result[45]                                 
result[47]                                 |result[47]                                 
result[49]                                 |result[49]                                 
result[43]                                 |result[43]                                 
result[51]                                 |result[51]                                 
result[53]                                 |result[53]                                 
result[56]                                 |result[56]                                 
result[57]                                 |result[57]                                 
zero_flag                                  |zero_flag                                  
operand_B[3]                               |operand_B[3]                               
operand_B[2]                               |operand_B[2]                               
operand_B[4]                               |operand_B[4]                               
operand_B[1]                               |operand_B[1]                               
clk                                        |clk                                        
operand_B[5]                               |operand_B[5]                               
operand_A[29]                              |operand_A[29]                              
operand_A[7]                               |operand_A[7]                               
operand_A[14]                              |operand_A[14]                              
operand_A[63]                              |operand_A[63]                              
operand_B[28]                              |operand_B[28]                              
operand_A[28]                              |operand_A[28]                              
operand_A[23]                              |operand_A[23]                              
operand_A[19]                              |operand_A[19]                              
operand_B[19]                              |operand_B[19]                              
operand_A[16]                              |operand_A[16]                              
operand_A[3]                               |operand_A[3]                               
operand_A[6]                               |operand_A[6]                               
operand_A[12]                              |operand_A[12]                              
operand_B[10]                              |operand_B[10]                              
operand_A[8]                               |operand_A[8]                               
operand_B[26]                              |operand_B[26]                              
operand_A[26]                              |operand_A[26]                              
operand_A[60]                              |operand_A[60]                              
operand_A[56]                              |operand_A[56]                              
operand_A[51]                              |operand_A[51]                              
operand_A[31]                              |operand_A[31]                              
operand_A[42]                              |operand_A[42]                              
operand_A[38]                              |operand_A[38]                              
operand_B[45]                              |operand_B[45]                              
operand_B[0]                               |operand_B[0]                               
operand_A[2]                               |operand_A[2]                               
operand_A[5]                               |operand_A[5]                               
operand_A[10]                              |operand_A[10]                              
operand_A[27]                              |operand_A[27]                              
operand_B[30]                              |operand_B[30]                              
operand_B[29]                              |operand_B[29]                              
operand_B[22]                              |operand_B[22]                              
operand_B[23]                              |operand_B[23]                              
operand_B[20]                              |operand_B[20]                              
operand_B[18]                              |operand_B[18]                              
operand_A[18]                              |operand_A[18]                              
operand_B[16]                              |operand_B[16]                              
operand_B[7]                               |operand_B[7]                               
operand_B[6]                               |operand_B[6]                               
operand_A[15]                              |operand_A[15]                              
operand_B[14]                              |operand_B[14]                              
operand_B[13]                              |operand_B[13]                              
operand_B[12]                              |operand_B[12]                              
operand_B[8]                               |operand_B[8]                               
operand_A[25]                              |operand_A[25]                              
operand_B[24]                              |operand_B[24]                              
alu_op[1]                                  |alu_op[1]                                  
operand_A[61]                              |operand_A[61]                              
operand_A[59]                              |operand_A[59]                              
operand_A[55]                              |operand_A[55]                              
operand_A[57]                              |operand_A[57]                              
operand_A[52]                              |operand_A[52]                              
operand_A[50]                              |operand_A[50]                              
operand_A[48]                              |operand_A[48]                              
operand_A[49]                              |operand_A[49]                              
operand_A[36]                              |operand_A[36]                              
operand_A[35]                              |operand_A[35]                              
operand_A[34]                              |operand_A[34]                              
operand_A[43]                              |operand_A[43]                              
operand_A[44]                              |operand_A[44]                              
operand_A[45]                              |operand_A[45]                              
operand_A[40]                              |operand_A[40]                              
operand_A[62]                              |operand_A[62]                              
operand_B[32]                              |operand_B[32]                              
operand_B[34]                              |operand_B[34]                              
operand_B[43]                              |operand_B[43]                              
operand_B[44]                              |operand_B[44]                              
operand_B[52]                              |operand_B[52]                              
operand_B[57]                              |operand_B[57]                              
operand_A[22]                              |operand_A[22]                              
operand_B[17]                              |operand_B[17]                              
operand_A[0]                               |operand_A[0]                               
operand_B[11]                              |operand_B[11]                              
operand_B[9]                               |operand_B[9]                               
operand_B[25]                              |operand_B[25]                              
alu_op[3]                                  |alu_op[3]                                  
alu_op[0]                                  |alu_op[0]                                  
operand_A[58]                              |operand_A[58]                              
operand_A[54]                              |operand_A[54]                              
operand_A[46]                              |operand_A[46]                              
operand_A[37]                              |operand_A[37]                              
operand_A[32]                              |operand_A[32]                              
operand_A[33]                              |operand_A[33]                              
operand_A[41]                              |operand_A[41]                              
operand_B[31]                              |operand_B[31]                              
operand_B[35]                              |operand_B[35]                              
operand_B[36]                              |operand_B[36]                              
operand_B[33]                              |operand_B[33]                              
operand_B[37]                              |operand_B[37]                              
operand_B[38]                              |operand_B[38]                              
operand_B[49]                              |operand_B[49]                              
operand_B[53]                              |operand_B[53]                              
operand_B[54]                              |operand_B[54]                              
operand_B[55]                              |operand_B[55]                              
operand_B[56]                              |operand_B[56]                              
operand_B[61]                              |operand_B[61]                              
operand_A[30]                              |operand_A[30]                              
operand_A[21]                              |operand_A[21]                              
operand_B[21]                              |operand_B[21]                              
operand_A[20]                              |operand_A[20]                              
operand_A[1]                               |operand_A[1]                               
operand_A[4]                               |operand_A[4]                               
operand_A[13]                              |operand_A[13]                              
operand_A[11]                              |operand_A[11]                              
operand_A[9]                               |operand_A[9]                               
operand_B[27]                              |operand_B[27]                              
operand_A[24]                              |operand_A[24]                              
operand_A[47]                              |operand_A[47]                              
operand_A[39]                              |operand_A[39]                              
vdd                                        |vdd                                        
operand_B[50]                              |operand_B[50]                              
operand_B[51]                              |operand_B[51]                              
gnd                                        |gnd                                        
operand_A[17]                              |operand_A[17]                              
operand_B[15]                              |operand_B[15]                              
alu_op[2]                                  |alu_op[2]                                  
operand_A[53]                              |operand_A[53]                              
operand_B[39]                              |operand_B[39]                              
operand_B[41]                              |operand_B[41]                              
operand_B[42]                              |operand_B[42]                              
operand_B[46]                              |operand_B[46]                              
operand_B[47]                              |operand_B[47]                              
operand_B[40]                              |operand_B[40]                              
operand_B[48]                              |operand_B[48]                              
operand_B[58]                              |operand_B[58]                              
operand_B[59]                              |operand_B[59]                              
operand_B[60]                              |operand_B[60]                              
operand_B[62]                              |operand_B[62]                              
operand_B[63]                              |operand_B[63]                              
---------------------------------------------------------------------------------------
Cell pin lists are equivalent.
Device classes ALU_64bit and ALU_64bit are equivalent.
Circuits match uniquely.
